<?xml version="1.0" encoding="UTF-8"?>
<robot rpa="false" generated="20190428 21:01:12.293" generator="Robot 3.1.1 (Python 2.7.16 on darwin)">
<suite source="/Users/bukalapak/Documents/Kuliah/Skripsi/Agustria/Github/automation-rf/Tests/Web/g_Filter/filter.robot" id="s1" name="Filter">
<test id="s1-t1" name="Open Bukalapak page">
<kw name="Given Open Bukalapak page" library="setting_browser">
<kw name="Set Selenium Speed" library="Selenium2Library">
<doc>Sets the delay that is waited after each Selenium command.</doc>
<arguments>
<arg>1s</arg>
</arguments>
<status status="PASS" endtime="20190428 21:01:12.540" starttime="20190428 21:01:12.540"></status>
</kw>
<kw name="Open Browser" library="Selenium2Library">
<doc>Opens a new browser instance to the given ``url``.</doc>
<arguments>
<arg>${Prod_URL}</arg>
<arg>${Browser}</arg>
</arguments>
<msg timestamp="20190428 21:01:12.541" level="INFO">Opening browser 'chrome' to base url 'https://www.bukalapak.com'.</msg>
<status status="PASS" endtime="20190428 21:01:27.740" starttime="20190428 21:01:12.541"></status>
</kw>
<kw name="Set Window Size" library="Selenium2Library">
<doc>Sets current windows size to given ``width`` and ``height``.</doc>
<arguments>
<arg>1450</arg>
<arg>800</arg>
</arguments>
<status status="PASS" endtime="20190428 21:01:28.856" starttime="20190428 21:01:27.741"></status>
</kw>
<status status="PASS" endtime="20190428 21:01:28.856" starttime="20190428 21:01:12.540"></status>
</kw>
<status status="PASS" endtime="20190428 21:01:28.857" critical="yes" starttime="20190428 21:01:12.539"></status>
</test>
<test id="s1-t2" name="Go to Kupon Menu">
<kw name="When Go to Kupon Menu" library="g_filter">
<kw name="Sleep" library="BuiltIn">
<doc>Pauses the test executed for the given time.</doc>
<arguments>
<arg>4s</arg>
</arguments>
<msg timestamp="20190428 21:01:32.861" level="INFO">Slept 4 seconds</msg>
<status status="PASS" endtime="20190428 21:01:32.861" starttime="20190428 21:01:28.859"></status>
</kw>
<kw name="Click Element" library="Selenium2Library">
<doc>Click element identified by ``locator``.</doc>
<arguments>
<arg>${e_voucher1}</arg>
</arguments>
<msg timestamp="20190428 21:01:32.862" level="INFO">Clicking element '//*[@id="normal_page"]/header/div[2]/div/div/div[1]/div/ul/li[1]/a'.</msg>
<kw name="Capture Page Screenshot" library="Selenium2Library">
<doc>Takes screenshot of the current page and embeds it into log file.</doc>
<msg timestamp="20190428 21:01:35.298" html="yes" level="INFO">&lt;/td&gt;&lt;/tr&gt;&lt;tr&gt;&lt;td colspan="3"&gt;&lt;a href="selenium-screenshot-14.png"&gt;&lt;img src="selenium-screenshot-14.png" width="800px"&gt;&lt;/a&gt;</msg>
<status status="PASS" endtime="20190428 21:01:35.298" starttime="20190428 21:01:33.878"></status>
</kw>
<msg timestamp="20190428 21:01:35.303" level="FAIL">Element with locator '//*[@id="normal_page"]/header/div[2]/div/div/div[1]/div/ul/li[1]/a' not found.</msg>
<status status="FAIL" endtime="20190428 21:01:35.303" starttime="20190428 21:01:32.861"></status>
</kw>
<status status="FAIL" endtime="20190428 21:01:35.303" starttime="20190428 21:01:28.859"></status>
</kw>
<status status="FAIL" endtime="20190428 21:01:35.304" critical="yes" starttime="20190428 21:01:28.858">Element with locator '//*[@id="normal_page"]/header/div[2]/div/div/div[1]/div/ul/li[1]/a' not found.</status>
</test>
<test id="s1-t3" name="Lokasi Penukaran Filter">
<kw name="And Lokasi Penukaran Filter" library="g_filter">
<kw name="Sleep" library="BuiltIn">
<doc>Pauses the test executed for the given time.</doc>
<arguments>
<arg>3s</arg>
</arguments>
<msg timestamp="20190428 21:01:38.307" level="INFO">Slept 3 seconds</msg>
<status status="PASS" endtime="20190428 21:01:38.307" starttime="20190428 21:01:35.306"></status>
</kw>
<kw name="Click Element" library="Selenium2Library">
<doc>Click element identified by ``locator``.</doc>
<arguments>
<arg>${cari_semua}</arg>
</arguments>
<msg timestamp="20190428 21:01:38.308" level="INFO">Clicking element '//*[@id="js-coupon-deals-user-app"]/div[2]/div/div/form/div[3]/input'.</msg>
<kw name="Capture Page Screenshot" library="Selenium2Library">
<doc>Takes screenshot of the current page and embeds it into log file.</doc>
<msg timestamp="20190428 21:01:40.705" html="yes" level="INFO">&lt;/td&gt;&lt;/tr&gt;&lt;tr&gt;&lt;td colspan="3"&gt;&lt;a href="selenium-screenshot-15.png"&gt;&lt;img src="selenium-screenshot-15.png" width="800px"&gt;&lt;/a&gt;</msg>
<status status="PASS" endtime="20190428 21:01:40.705" starttime="20190428 21:01:39.324"></status>
</kw>
<msg timestamp="20190428 21:01:40.706" level="FAIL">Element with locator '//*[@id="js-coupon-deals-user-app"]/div[2]/div/div/form/div[3]/input' not found.</msg>
<status status="FAIL" endtime="20190428 21:01:40.706" starttime="20190428 21:01:38.308"></status>
</kw>
<status status="FAIL" endtime="20190428 21:01:40.706" starttime="20190428 21:01:35.305"></status>
</kw>
<status status="FAIL" endtime="20190428 21:01:40.706" critical="yes" starttime="20190428 21:01:35.304">Element with locator '//*[@id="js-coupon-deals-user-app"]/div[2]/div/div/form/div[3]/input' not found.</status>
</test>
<test id="s1-t4" name="Urutkan">
<kw name="And Urutkan" library="g_filter">
<kw name="Sleep" library="BuiltIn">
<doc>Pauses the test executed for the given time.</doc>
<arguments>
<arg>5s</arg>
</arguments>
<msg timestamp="20190428 21:01:45.710" level="INFO">Slept 5 seconds</msg>
<status status="PASS" endtime="20190428 21:01:45.710" starttime="20190428 21:01:40.708"></status>
</kw>
<kw name="Click Element" library="Selenium2Library">
<doc>Click element identified by ``locator``.</doc>
<arguments>
<arg>${urutkan}</arg>
</arguments>
<msg timestamp="20190428 21:01:45.711" level="INFO">Clicking element 'xpath=//*[@id="coupon-deals__sort"]'.</msg>
<kw name="Capture Page Screenshot" library="Selenium2Library">
<doc>Takes screenshot of the current page and embeds it into log file.</doc>
<msg timestamp="20190428 21:01:48.088" html="yes" level="INFO">&lt;/td&gt;&lt;/tr&gt;&lt;tr&gt;&lt;td colspan="3"&gt;&lt;a href="selenium-screenshot-16.png"&gt;&lt;img src="selenium-screenshot-16.png" width="800px"&gt;&lt;/a&gt;</msg>
<status status="PASS" endtime="20190428 21:01:48.088" starttime="20190428 21:01:46.727"></status>
</kw>
<msg timestamp="20190428 21:01:48.089" level="FAIL">Element with locator 'xpath=//*[@id="coupon-deals__sort"]' not found.</msg>
<status status="FAIL" endtime="20190428 21:01:48.089" starttime="20190428 21:01:45.710"></status>
</kw>
<status status="FAIL" endtime="20190428 21:01:48.089" starttime="20190428 21:01:40.708"></status>
</kw>
<status status="FAIL" endtime="20190428 21:01:48.089" critical="yes" starttime="20190428 21:01:40.707">Element with locator 'xpath=//*[@id="coupon-deals__sort"]' not found.</status>
</test>
<test id="s1-t5" name="Rentang Harga Filter">
<kw name="And Rentang Harga Filter" library="g_filter">
<kw name="Sleep" library="BuiltIn">
<doc>Pauses the test executed for the given time.</doc>
<arguments>
<arg>3s</arg>
</arguments>
<msg timestamp="20190428 21:01:51.093" level="INFO">Slept 3 seconds</msg>
<status status="PASS" endtime="20190428 21:01:51.094" starttime="20190428 21:01:48.091"></status>
</kw>
<kw name="Click Element" library="Selenium2Library">
<doc>Click element identified by ``locator``.</doc>
<arguments>
<arg>${min}</arg>
</arguments>
<msg timestamp="20190428 21:01:51.095" level="INFO">Clicking element '//*[@id="js-coupon-deals-user-app"]/div/section/div[2]/div/div[1]/div/section[2]/form/div[1]/input'.</msg>
<kw name="Capture Page Screenshot" library="Selenium2Library">
<doc>Takes screenshot of the current page and embeds it into log file.</doc>
<msg timestamp="20190428 21:02:12.953" level="FAIL">NoSuchWindowException: Message: no such window: target window already closed
from unknown error: web view not found
  (Session info: chrome=73.0.3683.103)
  (Driver info: chromedriver=2.46.628411 (3324f4c8be9ff2f70a05a30ebc72ffb013e1a71e),platform=Mac OS X 10.13.6 x86_64)
</msg>
<status status="FAIL" endtime="20190428 21:02:12.953" starttime="20190428 21:02:12.949"></status>
</kw>
<msg timestamp="20190428 21:02:12.953" level="WARN">Keyword 'Capture Page Screenshot' could not be run on failure: NoSuchWindowException: Message: no such window: target window already closed
from unknown error: web view not found
  (Session info: chrome=73.0.3683.103)
  (Driver info: chromedriver=2.46.628411 (3324f4c8be9ff2f70a05a30ebc72ffb013e1a71e),platform=Mac OS X 10.13.6 x86_64)
</msg>
<msg timestamp="20190428 21:02:12.954" level="FAIL">Element with locator '//*[@id="js-coupon-deals-user-app"]/div/section/div[2]/div/div[1]/div/section[2]/form/div[1]/input' not found.</msg>
<status status="FAIL" endtime="20190428 21:02:12.954" starttime="20190428 21:01:51.094"></status>
</kw>
<status status="FAIL" endtime="20190428 21:02:12.954" starttime="20190428 21:01:48.090"></status>
</kw>
<status status="FAIL" endtime="20190428 21:02:12.954" critical="yes" starttime="20190428 21:01:48.090">Element with locator '//*[@id="js-coupon-deals-user-app"]/div/section/div[2]/div/div[1]/div/section[2]/form/div[1]/input' not found.</status>
</test>
<test id="s1-t6" name="Category Filter">
<kw name="And Category Filter" library="g_filter">
<kw name="Sleep" library="BuiltIn">
<doc>Pauses the test executed for the given time.</doc>
<arguments>
<arg>3s</arg>
</arguments>
<msg timestamp="20190428 21:02:15.959" level="INFO">Slept 3 seconds</msg>
<status status="PASS" endtime="20190428 21:02:15.959" starttime="20190428 21:02:12.957"></status>
</kw>
<kw name="Click Element" library="Selenium2Library">
<doc>Click element identified by ``locator``.</doc>
<arguments>
<arg>${makanan}</arg>
</arguments>
<msg timestamp="20190428 21:02:15.961" level="INFO">Clicking element '//*[@id="js-coupon-deals-user-app"]/div/section/div[2]/div/div[1]/div/section[3]/label[1]/span'.</msg>
<kw name="Capture Page Screenshot" library="Selenium2Library">
<doc>Takes screenshot of the current page and embeds it into log file.</doc>
<msg timestamp="20190428 21:02:15.965" level="FAIL">NoSuchWindowException: Message: no such window: target window already closed
from unknown error: web view not found
  (Session info: chrome=73.0.3683.103)
  (Driver info: chromedriver=2.46.628411 (3324f4c8be9ff2f70a05a30ebc72ffb013e1a71e),platform=Mac OS X 10.13.6 x86_64)
</msg>
<status status="FAIL" endtime="20190428 21:02:15.965" starttime="20190428 21:02:15.963"></status>
</kw>
<msg timestamp="20190428 21:02:15.965" level="WARN">Keyword 'Capture Page Screenshot' could not be run on failure: NoSuchWindowException: Message: no such window: target window already closed
from unknown error: web view not found
  (Session info: chrome=73.0.3683.103)
  (Driver info: chromedriver=2.46.628411 (3324f4c8be9ff2f70a05a30ebc72ffb013e1a71e),platform=Mac OS X 10.13.6 x86_64)
</msg>
<msg timestamp="20190428 21:02:15.966" level="FAIL">NoSuchWindowException: Message: no such window: target window already closed
from unknown error: web view not found
  (Session info: chrome=73.0.3683.103)
  (Driver info: chromedriver=2.46.628411 (3324f4c8be9ff2f70a05a30ebc72ffb013e1a71e),platform=Mac OS X 10.13.6 x86_64)
</msg>
<status status="FAIL" endtime="20190428 21:02:15.966" starttime="20190428 21:02:15.960"></status>
</kw>
<status status="FAIL" endtime="20190428 21:02:15.966" starttime="20190428 21:02:12.956"></status>
</kw>
<status status="FAIL" endtime="20190428 21:02:15.966" critical="yes" starttime="20190428 21:02:12.955">NoSuchWindowException: Message: no such window: target window already closed
from unknown error: web view not found
  (Session info: chrome=73.0.3683.103)
  (Driver info: chromedriver=2.46.628411 (3324f4c8be9ff2f70a05a30ebc72ffb013e1a71e),platform=Mac OS X 10.13.6 x86_64)
</status>
</test>
<test id="s1-t7" name="Merchant Filter">
<kw name="And Merchant Filter" library="g_filter">
<kw name="Sleep" library="BuiltIn">
<doc>Pauses the test executed for the given time.</doc>
<arguments>
<arg>3s</arg>
</arguments>
<msg timestamp="20190428 21:02:18.969" level="INFO">Slept 3 seconds</msg>
<status status="PASS" endtime="20190428 21:02:18.969" starttime="20190428 21:02:15.967"></status>
</kw>
<kw name="Click Element" library="Selenium2Library">
<doc>Click element identified by ``locator``.</doc>
<arguments>
<arg>${alfamart}</arg>
</arguments>
<msg timestamp="20190428 21:02:18.970" level="INFO">Clicking element '//*[@id="js-coupon-deals-user-app"]/div/section/div[2]/div/div[1]/div/section[4]/div[3]/label[1]/span'.</msg>
<kw name="Capture Page Screenshot" library="Selenium2Library">
<doc>Takes screenshot of the current page and embeds it into log file.</doc>
<msg timestamp="20190428 21:02:18.975" level="FAIL">NoSuchWindowException: Message: no such window: target window already closed
from unknown error: web view not found
  (Session info: chrome=73.0.3683.103)
  (Driver info: chromedriver=2.46.628411 (3324f4c8be9ff2f70a05a30ebc72ffb013e1a71e),platform=Mac OS X 10.13.6 x86_64)
</msg>
<status status="FAIL" endtime="20190428 21:02:18.975" starttime="20190428 21:02:18.972"></status>
</kw>
<msg timestamp="20190428 21:02:18.975" level="WARN">Keyword 'Capture Page Screenshot' could not be run on failure: NoSuchWindowException: Message: no such window: target window already closed
from unknown error: web view not found
  (Session info: chrome=73.0.3683.103)
  (Driver info: chromedriver=2.46.628411 (3324f4c8be9ff2f70a05a30ebc72ffb013e1a71e),platform=Mac OS X 10.13.6 x86_64)
</msg>
<msg timestamp="20190428 21:02:18.976" level="FAIL">NoSuchWindowException: Message: no such window: target window already closed
from unknown error: web view not found
  (Session info: chrome=73.0.3683.103)
  (Driver info: chromedriver=2.46.628411 (3324f4c8be9ff2f70a05a30ebc72ffb013e1a71e),platform=Mac OS X 10.13.6 x86_64)
</msg>
<status status="FAIL" endtime="20190428 21:02:18.976" starttime="20190428 21:02:18.970"></status>
</kw>
<status status="FAIL" endtime="20190428 21:02:18.976" starttime="20190428 21:02:15.967"></status>
</kw>
<status status="FAIL" endtime="20190428 21:02:18.977" critical="yes" starttime="20190428 21:02:15.966">NoSuchWindowException: Message: no such window: target window already closed
from unknown error: web view not found
  (Session info: chrome=73.0.3683.103)
  (Driver info: chromedriver=2.46.628411 (3324f4c8be9ff2f70a05a30ebc72ffb013e1a71e),platform=Mac OS X 10.13.6 x86_64)
</status>
</test>
<test id="s1-t8" name="Back To Landing Page">
<kw name="And Back To Landing Page" library="g_filter">
<kw name="Sleep" library="BuiltIn">
<doc>Pauses the test executed for the given time.</doc>
<arguments>
<arg>3s</arg>
</arguments>
<msg timestamp="20190428 21:02:21.983" level="INFO">Slept 3 seconds</msg>
<status status="PASS" endtime="20190428 21:02:21.984" starttime="20190428 21:02:18.982"></status>
</kw>
<kw name="Click Element" library="Selenium2Library">
<doc>Click element identified by ``locator``.</doc>
<arguments>
<arg>${back_to_landing_page}</arg>
</arguments>
<msg timestamp="20190428 21:02:21.984" level="INFO">Clicking element '//*[@id="js-coupon-deals-user-app"]/div/nav/div/ul/li[1]/a/span'.</msg>
<kw name="Capture Page Screenshot" library="Selenium2Library">
<doc>Takes screenshot of the current page and embeds it into log file.</doc>
<msg timestamp="20190428 21:02:21.989" level="FAIL">NoSuchWindowException: Message: no such window: target window already closed
from unknown error: web view not found
  (Session info: chrome=73.0.3683.103)
  (Driver info: chromedriver=2.46.628411 (3324f4c8be9ff2f70a05a30ebc72ffb013e1a71e),platform=Mac OS X 10.13.6 x86_64)
</msg>
<status status="FAIL" endtime="20190428 21:02:21.989" starttime="20190428 21:02:21.986"></status>
</kw>
<msg timestamp="20190428 21:02:21.989" level="WARN">Keyword 'Capture Page Screenshot' could not be run on failure: NoSuchWindowException: Message: no such window: target window already closed
from unknown error: web view not found
  (Session info: chrome=73.0.3683.103)
  (Driver info: chromedriver=2.46.628411 (3324f4c8be9ff2f70a05a30ebc72ffb013e1a71e),platform=Mac OS X 10.13.6 x86_64)
</msg>
<msg timestamp="20190428 21:02:21.991" level="FAIL">NoSuchWindowException: Message: no such window: target window already closed
from unknown error: web view not found
  (Session info: chrome=73.0.3683.103)
  (Driver info: chromedriver=2.46.628411 (3324f4c8be9ff2f70a05a30ebc72ffb013e1a71e),platform=Mac OS X 10.13.6 x86_64)
</msg>
<status status="FAIL" endtime="20190428 21:02:21.991" starttime="20190428 21:02:21.984"></status>
</kw>
<status status="FAIL" endtime="20190428 21:02:21.991" starttime="20190428 21:02:18.982"></status>
</kw>
<status status="FAIL" endtime="20190428 21:02:21.992" critical="yes" starttime="20190428 21:02:18.980">NoSuchWindowException: Message: no such window: target window already closed
from unknown error: web view not found
  (Session info: chrome=73.0.3683.103)
  (Driver info: chromedriver=2.46.628411 (3324f4c8be9ff2f70a05a30ebc72ffb013e1a71e),platform=Mac OS X 10.13.6 x86_64)
</status>
</test>
<status status="FAIL" endtime="20190428 21:02:21.995" starttime="20190428 21:01:12.296"></status>
</suite>
<statistics>
<total>
<stat fail="7" pass="1">Critical Tests</stat>
<stat fail="7" pass="1">All Tests</stat>
</total>
<tag>
</tag>
<suite>
<stat fail="7" id="s1" name="Filter" pass="1">Filter</stat>
</suite>
</statistics>
<errors>
<msg timestamp="20190428 21:02:12.953" level="WARN">Keyword 'Capture Page Screenshot' could not be run on failure: NoSuchWindowException: Message: no such window: target window already closed
from unknown error: web view not found
  (Session info: chrome=73.0.3683.103)
  (Driver info: chromedriver=2.46.628411 (3324f4c8be9ff2f70a05a30ebc72ffb013e1a71e),platform=Mac OS X 10.13.6 x86_64)
</msg>
<msg timestamp="20190428 21:02:15.965" level="WARN">Keyword 'Capture Page Screenshot' could not be run on failure: NoSuchWindowException: Message: no such window: target window already closed
from unknown error: web view not found
  (Session info: chrome=73.0.3683.103)
  (Driver info: chromedriver=2.46.628411 (3324f4c8be9ff2f70a05a30ebc72ffb013e1a71e),platform=Mac OS X 10.13.6 x86_64)
</msg>
<msg timestamp="20190428 21:02:18.975" level="WARN">Keyword 'Capture Page Screenshot' could not be run on failure: NoSuchWindowException: Message: no such window: target window already closed
from unknown error: web view not found
  (Session info: chrome=73.0.3683.103)
  (Driver info: chromedriver=2.46.628411 (3324f4c8be9ff2f70a05a30ebc72ffb013e1a71e),platform=Mac OS X 10.13.6 x86_64)
</msg>
<msg timestamp="20190428 21:02:21.989" level="WARN">Keyword 'Capture Page Screenshot' could not be run on failure: NoSuchWindowException: Message: no such window: target window already closed
from unknown error: web view not found
  (Session info: chrome=73.0.3683.103)
  (Driver info: chromedriver=2.46.628411 (3324f4c8be9ff2f70a05a30ebc72ffb013e1a71e),platform=Mac OS X 10.13.6 x86_64)
</msg>
</errors>
</robot>
