<?xml version="1.0" encoding="UTF-8"?>
<robot rpa="false" generated="20190308 09:29:33.925" generator="Robot 3.1.1 (Python 2.7.16 on darwin)">
<suite source="/Users/bukalapak/Documents/Kuliah/RF/ROBOT_FRAMEWORK/Phoenix/Tests/Web" id="s1" name="Web">
<suite source="/Users/bukalapak/Documents/Kuliah/RF/ROBOT_FRAMEWORK/Phoenix/Tests/Web/a_Login" id="s1-s1" name="a Login">
<suite source="/Users/bukalapak/Documents/Kuliah/RF/ROBOT_FRAMEWORK/Phoenix/Tests/Web/a_Login/a.login.robot" id="s1-s1-s1" name="A.Login">
<test id="s1-s1-s1-t1" name="Open Elisian page">
<kw name="Given Open Phoenix page" library="setting_browser">
<kw name="Set Selenium Speed" library="Selenium2Library">
<doc>Sets the delay that is waited after each Selenium command.</doc>
<arguments>
<arg>1s</arg>
</arguments>
<status status="PASS" endtime="20190308 09:29:34.234" starttime="20190308 09:29:34.234"></status>
</kw>
<kw name="Open Browser" library="Selenium2Library">
<doc>Opens a new browser instance to the given ``url``.</doc>
<arguments>
<arg>${URL}</arg>
<arg>${Browser}</arg>
</arguments>
<msg timestamp="20190308 09:29:34.235" level="INFO">Opening browser 'chrome' to base url 'https://p.sepulsa.id'.</msg>
<status status="PASS" endtime="20190308 09:30:13.038" starttime="20190308 09:29:34.234"></status>
</kw>
<kw name="Set Window Size" library="Selenium2Library">
<doc>Sets current windows size to given ``width`` and ``height``.</doc>
<arguments>
<arg>1450</arg>
<arg>800</arg>
</arguments>
<status status="PASS" endtime="20190308 09:30:14.260" starttime="20190308 09:30:13.038"></status>
</kw>
<kw name="Wait Until Page Contains" library="Selenium2Library">
<doc>Waits until ``text`` appears on current page.</doc>
<arguments>
<arg>Isi Pulsa Kamu,</arg>
</arguments>
<kw name="Capture Page Screenshot" library="Selenium2Library">
<doc>Takes screenshot of the current page and embeds it into log file.</doc>
<msg timestamp="20190308 09:30:21.046" html="yes" level="INFO">&lt;/td&gt;&lt;/tr&gt;&lt;tr&gt;&lt;td colspan="3"&gt;&lt;a href="selenium-screenshot-1.png"&gt;&lt;img src="selenium-screenshot-1.png" width="800px"&gt;&lt;/a&gt;</msg>
<status status="PASS" endtime="20190308 09:30:21.046" starttime="20190308 09:30:19.271"></status>
</kw>
<msg timestamp="20190308 09:30:21.050" level="FAIL">Text 'Isi Pulsa Kamu,' did not appear in 5 seconds.</msg>
<status status="FAIL" endtime="20190308 09:30:21.050" starttime="20190308 09:30:14.260"></status>
</kw>
<status status="FAIL" endtime="20190308 09:30:21.051" starttime="20190308 09:29:34.233"></status>
</kw>
<status status="FAIL" endtime="20190308 09:30:21.051" critical="yes" starttime="20190308 09:29:34.233">Text 'Isi Pulsa Kamu,' did not appear in 5 seconds.</status>
</test>
<test id="s1-s1-s1-t2" name="Fill in sign in form With Valid data">
<kw name="when Fill in sign in form" library="a_login">
<kw name="Sleep" library="BuiltIn">
<doc>Pauses the test executed for the given time.</doc>
<arguments>
<arg>5s</arg>
</arguments>
<msg timestamp="20190308 09:30:26.055" level="INFO">Slept 5 seconds</msg>
<status status="PASS" endtime="20190308 09:30:26.055" starttime="20190308 09:30:21.053"></status>
</kw>
<kw name="Click Element" library="Selenium2Library">
<doc>Click element identified by ``locator``.</doc>
<arguments>
<arg>${signin_menu}</arg>
</arguments>
<msg timestamp="20190308 09:30:26.056" level="INFO">Clicking element 'css=#header-signin &gt; div:nth-child(2)'.</msg>
<status status="PASS" endtime="20190308 09:30:28.170" starttime="20190308 09:30:26.056"></status>
</kw>
<kw name="Click Element" library="Selenium2Library">
<doc>Click element identified by ``locator``.</doc>
<arguments>
<arg>${email}</arg>
</arguments>
<msg timestamp="20190308 09:30:28.170" level="INFO">Clicking element 'css=.input-email &gt; input:nth-child(1)'.</msg>
<status status="PASS" endtime="20190308 09:30:30.757" starttime="20190308 09:30:28.170"></status>
</kw>
<kw name="Input Text" library="Selenium2Library">
<doc>Types the given ``text`` into text field identified by ``locator``.</doc>
<arguments>
<arg>${email}</arg>
<arg>${uname}</arg>
</arguments>
<msg timestamp="20190308 09:30:30.758" level="INFO">Typing text 'ria_tyas@gmail.com' into text field 'css=.input-email &gt; input:nth-child(1)'.</msg>
<status status="PASS" endtime="20190308 09:30:34.335" starttime="20190308 09:30:30.757"></status>
</kw>
<kw name="Click Element" library="Selenium2Library">
<doc>Click element identified by ``locator``.</doc>
<arguments>
<arg>${password}</arg>
</arguments>
<msg timestamp="20190308 09:30:34.336" level="INFO">Clicking element 'css=.hideShowPassword-wrapper &gt; input:nth-child(1)'.</msg>
<status status="PASS" endtime="20190308 09:30:36.396" starttime="20190308 09:30:34.336"></status>
</kw>
<kw name="Input Text" library="Selenium2Library">
<doc>Types the given ``text`` into text field identified by ``locator``.</doc>
<arguments>
<arg>${password}</arg>
<arg>${pass}</arg>
</arguments>
<msg timestamp="20190308 09:30:36.397" level="INFO">Typing text '123456' into text field 'css=.hideShowPassword-wrapper &gt; input:nth-child(1)'.</msg>
<status status="PASS" endtime="20190308 09:30:39.505" starttime="20190308 09:30:36.396"></status>
</kw>
<status status="PASS" endtime="20190308 09:30:39.506" starttime="20190308 09:30:21.053"></status>
</kw>
<status status="PASS" endtime="20190308 09:30:39.506" critical="yes" starttime="20190308 09:30:21.052"></status>
</test>
<test id="s1-s1-s1-t3" name="Click button Sign In">
<kw name="And click button sign in" library="a_login">
<kw name="Click Button" library="Selenium2Library">
<doc>Clicks button identified by ``locator``.</doc>
<arguments>
<arg>${button_masuk}</arg>
</arguments>
<msg timestamp="20190308 09:30:39.510" level="INFO">Clicking button 'css=.modal-body &gt; form:nth-child(1) &gt; div:nth-child(3) &gt; button:nth-child(1)'.</msg>
<status status="PASS" endtime="20190308 09:30:44.648" starttime="20190308 09:30:39.509"></status>
</kw>
<status status="PASS" endtime="20190308 09:30:44.649" starttime="20190308 09:30:39.509"></status>
</kw>
<status status="PASS" endtime="20190308 09:30:44.649" critical="yes" starttime="20190308 09:30:39.507"></status>
</test>
<test id="s1-s1-s1-t4" name="Dashboard page Elisian">
<kw name="Then home page" library="a_login">
<kw name="Sleep" library="BuiltIn">
<doc>Pauses the test executed for the given time.</doc>
<arguments>
<arg>10s</arg>
</arguments>
<msg timestamp="20190308 09:30:54.653" level="INFO">Slept 10 seconds</msg>
<status status="PASS" endtime="20190308 09:30:54.653" starttime="20190308 09:30:44.651"></status>
</kw>
<kw name="Wait Until Element Contains" library="Selenium2Library">
<doc>Waits until element ``locator`` contains ``text``.</doc>
<arguments>
<arg>${logo}</arg>
<arg>${text_logo}</arg>
</arguments>
<kw name="Capture Page Screenshot" library="Selenium2Library">
<doc>Takes screenshot of the current page and embeds it into log file.</doc>
<msg timestamp="20190308 09:31:03.061" html="yes" level="INFO">&lt;/td&gt;&lt;/tr&gt;&lt;tr&gt;&lt;td colspan="3"&gt;&lt;a href="selenium-screenshot-2.png"&gt;&lt;img src="selenium-screenshot-2.png" width="800px"&gt;&lt;/a&gt;</msg>
<status status="PASS" endtime="20190308 09:31:03.062" starttime="20190308 09:31:01.365"></status>
</kw>
<msg timestamp="20190308 09:31:03.063" level="FAIL">Element 'xpath=//*[@id="header-logo"]/div/img' did not get text 'sepulsa' in 5 seconds.</msg>
<status status="FAIL" endtime="20190308 09:31:03.064" starttime="20190308 09:30:54.654"></status>
</kw>
<status status="FAIL" endtime="20190308 09:31:03.064" starttime="20190308 09:30:44.651"></status>
</kw>
<status status="FAIL" endtime="20190308 09:31:03.065" critical="yes" starttime="20190308 09:30:44.650">Element 'xpath=//*[@id="header-logo"]/div/img' did not get text 'sepulsa' in 5 seconds.</status>
</test>
<status status="FAIL" endtime="20190308 09:31:03.079" starttime="20190308 09:29:33.955"></status>
</suite>
<status status="FAIL" endtime="20190308 09:31:03.138" starttime="20190308 09:29:33.953"></status>
</suite>
<suite source="/Users/bukalapak/Documents/Kuliah/RF/ROBOT_FRAMEWORK/Phoenix/Tests/Web/b_Home_page" id="s1-s2" name="b Home page">
<suite source="/Users/bukalapak/Documents/Kuliah/RF/ROBOT_FRAMEWORK/Phoenix/Tests/Web/b_Home_page/a.topup_single" id="s1-s2-s1" name="A.Topup Single">
<suite source="/Users/bukalapak/Documents/Kuliah/RF/ROBOT_FRAMEWORK/Phoenix/Tests/Web/b_Home_page/a.topup_single/a.topup_single_valid.robot" id="s1-s2-s1-s1" name="A.Topup Single Valid">
<test id="s1-s2-s1-s1-t1" name="Open Elisian page">
<kw name="Given Open Elisian page">
<msg timestamp="20190308 09:31:03.302" level="FAIL">No keyword with name 'Given Open Elisian page' found.</msg>
<status status="FAIL" endtime="20190308 09:31:03.302" starttime="20190308 09:31:03.301"></status>
</kw>
<status status="FAIL" endtime="20190308 09:31:03.303" critical="yes" starttime="20190308 09:31:03.251">No keyword with name 'Given Open Elisian page' found.</status>
</test>
<test id="s1-s2-s1-s1-t2" name="Fill in sign in form With Valid data">
<kw name="Fill in sign in form" library="a_login">
<kw name="Sleep" library="BuiltIn">
<doc>Pauses the test executed for the given time.</doc>
<arguments>
<arg>5s</arg>
</arguments>
<msg timestamp="20190308 09:31:08.309" level="INFO">Slept 5 seconds</msg>
<status status="PASS" endtime="20190308 09:31:08.309" starttime="20190308 09:31:03.307"></status>
</kw>
<kw name="Click Element" library="Selenium2Library">
<doc>Click element identified by ``locator``.</doc>
<arguments>
<arg>${signin_menu}</arg>
</arguments>
<msg timestamp="20190308 09:31:08.310" level="INFO">Clicking element 'css=#header-signin &gt; div:nth-child(2)'.</msg>
<kw name="Capture Page Screenshot" library="Selenium2Library">
<doc>Takes screenshot of the current page and embeds it into log file.</doc>
<msg timestamp="20190308 09:31:11.019" html="yes" level="INFO">&lt;/td&gt;&lt;/tr&gt;&lt;tr&gt;&lt;td colspan="3"&gt;&lt;a href="selenium-screenshot-3.png"&gt;&lt;img src="selenium-screenshot-3.png" width="800px"&gt;&lt;/a&gt;</msg>
<status status="PASS" endtime="20190308 09:31:11.019" starttime="20190308 09:31:09.323"></status>
</kw>
<msg timestamp="20190308 09:31:11.024" level="FAIL">Element with locator 'css=#header-signin &gt; div:nth-child(2)' not found.</msg>
<status status="FAIL" endtime="20190308 09:31:11.024" starttime="20190308 09:31:08.310"></status>
</kw>
<status status="FAIL" endtime="20190308 09:31:11.024" starttime="20190308 09:31:03.307"></status>
</kw>
<status status="FAIL" endtime="20190308 09:31:11.024" critical="yes" starttime="20190308 09:31:03.303">Element with locator 'css=#header-signin &gt; div:nth-child(2)' not found.</status>
</test>
<test id="s1-s2-s1-s1-t3" name="Click button Sign In">
<kw name="Click button Sign In" library="a_login">
<kw name="Click Button" library="Selenium2Library">
<doc>Clicks button identified by ``locator``.</doc>
<arguments>
<arg>${button_masuk}</arg>
</arguments>
<msg timestamp="20190308 09:31:11.026" level="INFO">Clicking button 'css=.modal-body &gt; form:nth-child(1) &gt; div:nth-child(3) &gt; button:nth-child(1)'.</msg>
<kw name="Capture Page Screenshot" library="Selenium2Library">
<doc>Takes screenshot of the current page and embeds it into log file.</doc>
<msg timestamp="20190308 09:31:14.746" html="yes" level="INFO">&lt;/td&gt;&lt;/tr&gt;&lt;tr&gt;&lt;td colspan="3"&gt;&lt;a href="selenium-screenshot-4.png"&gt;&lt;img src="selenium-screenshot-4.png" width="800px"&gt;&lt;/a&gt;</msg>
<status status="PASS" endtime="20190308 09:31:14.746" starttime="20190308 09:31:13.052"></status>
</kw>
<msg timestamp="20190308 09:31:14.746" level="FAIL">Button with locator 'css=.modal-body &gt; form:nth-child(1) &gt; div:nth-child(3) &gt; button:nth-child(1)' not found.</msg>
<status status="FAIL" endtime="20190308 09:31:14.746" starttime="20190308 09:31:11.026"></status>
</kw>
<status status="FAIL" endtime="20190308 09:31:14.747" starttime="20190308 09:31:11.026"></status>
</kw>
<status status="FAIL" endtime="20190308 09:31:14.747" critical="yes" starttime="20190308 09:31:11.025">Button with locator 'css=.modal-body &gt; form:nth-child(1) &gt; div:nth-child(3) &gt; button:nth-child(1)' not found.</status>
</test>
<test id="s1-s2-s1-s1-t4" name="Dashboard page Elisian">
<kw name="Home page" library="a_login">
<kw name="Sleep" library="BuiltIn">
<doc>Pauses the test executed for the given time.</doc>
<arguments>
<arg>10s</arg>
</arguments>
<msg timestamp="20190308 09:31:24.764" level="INFO">Slept 10 seconds</msg>
<status status="PASS" endtime="20190308 09:31:24.765" starttime="20190308 09:31:14.748"></status>
</kw>
<kw name="Wait Until Element Contains" library="Selenium2Library">
<doc>Waits until element ``locator`` contains ``text``.</doc>
<arguments>
<arg>${logo}</arg>
<arg>${text_logo}</arg>
</arguments>
<kw name="Capture Page Screenshot" library="Selenium2Library">
<doc>Takes screenshot of the current page and embeds it into log file.</doc>
<msg timestamp="20190308 09:31:33.213" html="yes" level="INFO">&lt;/td&gt;&lt;/tr&gt;&lt;tr&gt;&lt;td colspan="3"&gt;&lt;a href="selenium-screenshot-5.png"&gt;&lt;img src="selenium-screenshot-5.png" width="800px"&gt;&lt;/a&gt;</msg>
<status status="PASS" endtime="20190308 09:31:33.213" starttime="20190308 09:31:31.466"></status>
</kw>
<msg timestamp="20190308 09:31:33.213" level="FAIL">Element 'xpath=//*[@id="header-logo"]/div/img' did not get text 'sepulsa' in 5 seconds.</msg>
<status status="FAIL" endtime="20190308 09:31:33.214" starttime="20190308 09:31:24.765"></status>
</kw>
<status status="FAIL" endtime="20190308 09:31:33.214" starttime="20190308 09:31:14.748"></status>
</kw>
<status status="FAIL" endtime="20190308 09:31:33.214" critical="yes" starttime="20190308 09:31:14.747">Element 'xpath=//*[@id="header-logo"]/div/img' did not get text 'sepulsa' in 5 seconds.</status>
</test>
<test id="s1-s2-s1-s1-t5" name="Choose Topup menu on Partner data">
<kw name="When Choose Topup menu on Partner Data" library="b_partner_data_topup">
<kw name="Sleep" library="BuiltIn">
<doc>Pauses the test executed for the given time.</doc>
<arguments>
<arg>3s</arg>
</arguments>
<msg timestamp="20190308 09:31:36.217" level="INFO">Slept 3 seconds</msg>
<status status="PASS" endtime="20190308 09:31:36.217" starttime="20190308 09:31:33.216"></status>
</kw>
<kw name="Click Element" library="Selenium2Library">
<doc>Click element identified by ``locator``.</doc>
<arguments>
<arg>${menu_partner}</arg>
</arguments>
<msg timestamp="20190308 09:31:36.219" level="INFO">Clicking element 'css=.m-menu__item--submenu:nth-child(2)'.</msg>
<kw name="Capture Page Screenshot" library="Selenium2Library">
<doc>Takes screenshot of the current page and embeds it into log file.</doc>
<msg timestamp="20190308 09:31:38.920" html="yes" level="INFO">&lt;/td&gt;&lt;/tr&gt;&lt;tr&gt;&lt;td colspan="3"&gt;&lt;a href="selenium-screenshot-6.png"&gt;&lt;img src="selenium-screenshot-6.png" width="800px"&gt;&lt;/a&gt;</msg>
<status status="PASS" endtime="20190308 09:31:38.920" starttime="20190308 09:31:37.232"></status>
</kw>
<msg timestamp="20190308 09:31:38.921" level="FAIL">Element with locator 'css=.m-menu__item--submenu:nth-child(2)' not found.</msg>
<status status="FAIL" endtime="20190308 09:31:38.921" starttime="20190308 09:31:36.218"></status>
</kw>
<status status="FAIL" endtime="20190308 09:31:38.921" starttime="20190308 09:31:33.215"></status>
</kw>
<status status="FAIL" endtime="20190308 09:31:38.921" critical="yes" starttime="20190308 09:31:33.215">Element with locator 'css=.m-menu__item--submenu:nth-child(2)' not found.</status>
</test>
<test id="s1-s2-s1-s1-t6" name="Choose Add Single data topup">
<kw name="And Choose Add Single data topup" library="b_partner_data_topup">
<kw name="Sleep" library="BuiltIn">
<doc>Pauses the test executed for the given time.</doc>
<arguments>
<arg>3s</arg>
</arguments>
<msg timestamp="20190308 09:31:41.923" level="INFO">Slept 3 seconds</msg>
<status status="PASS" endtime="20190308 09:31:41.924" starttime="20190308 09:31:38.923"></status>
</kw>
<kw name="Click Element" library="Selenium2Library">
<doc>Click element identified by ``locator``.</doc>
<arguments>
<arg>${menu_single_topup}</arg>
</arguments>
<msg timestamp="20190308 09:31:41.925" level="INFO">Clicking element 'css=a.btn:nth-child(1)'.</msg>
<kw name="Capture Page Screenshot" library="Selenium2Library">
<doc>Takes screenshot of the current page and embeds it into log file.</doc>
<msg timestamp="20190308 09:31:44.640" html="yes" level="INFO">&lt;/td&gt;&lt;/tr&gt;&lt;tr&gt;&lt;td colspan="3"&gt;&lt;a href="selenium-screenshot-7.png"&gt;&lt;img src="selenium-screenshot-7.png" width="800px"&gt;&lt;/a&gt;</msg>
<status status="PASS" endtime="20190308 09:31:44.641" starttime="20190308 09:31:42.947"></status>
</kw>
<msg timestamp="20190308 09:31:44.641" level="FAIL">Element with locator 'css=a.btn:nth-child(1)' not found.</msg>
<status status="FAIL" endtime="20190308 09:31:44.641" starttime="20190308 09:31:41.924"></status>
</kw>
<status status="FAIL" endtime="20190308 09:31:44.641" starttime="20190308 09:31:38.922"></status>
</kw>
<status status="FAIL" endtime="20190308 09:31:44.642" critical="yes" starttime="20190308 09:31:38.922">Element with locator 'css=a.btn:nth-child(1)' not found.</status>
</test>
<test id="s1-s2-s1-s1-t7" name="Fill in Single Topup form data">
<kw name="And Fill in Single Topup form Valid" library="b_partner_data_topup">
<kw name="Click Element" library="Selenium2Library">
<doc>Click element identified by ``locator``.</doc>
<arguments>
<arg>${customer_number}</arg>
</arguments>
<msg timestamp="20190308 09:31:44.643" level="INFO">Clicking element 'css=div.col-md-12:nth-child(1) &gt; input:nth-child(2)'.</msg>
<kw name="Capture Page Screenshot" library="Selenium2Library">
<doc>Takes screenshot of the current page and embeds it into log file.</doc>
<msg timestamp="20190308 09:31:47.340" html="yes" level="INFO">&lt;/td&gt;&lt;/tr&gt;&lt;tr&gt;&lt;td colspan="3"&gt;&lt;a href="selenium-screenshot-8.png"&gt;&lt;img src="selenium-screenshot-8.png" width="800px"&gt;&lt;/a&gt;</msg>
<status status="PASS" endtime="20190308 09:31:47.340" starttime="20190308 09:31:45.662"></status>
</kw>
<msg timestamp="20190308 09:31:47.341" level="FAIL">Element with locator 'css=div.col-md-12:nth-child(1) &gt; input:nth-child(2)' not found.</msg>
<status status="FAIL" endtime="20190308 09:31:47.341" starttime="20190308 09:31:44.643"></status>
</kw>
<status status="FAIL" endtime="20190308 09:31:47.341" starttime="20190308 09:31:44.643"></status>
</kw>
<status status="FAIL" endtime="20190308 09:31:47.341" critical="yes" starttime="20190308 09:31:44.642">Element with locator 'css=div.col-md-12:nth-child(1) &gt; input:nth-child(2)' not found.</status>
</test>
<test id="s1-s2-s1-s1-t8" name="Click button Topup Submit">
<kw name="Then Click button single Topup Submit" library="b_partner_data_topup">
<kw name="Click Element" library="Selenium2Library">
<doc>Click element identified by ``locator``.</doc>
<arguments>
<arg>${submit_single}</arg>
</arguments>
<msg timestamp="20190308 09:31:47.343" level="INFO">Clicking element 'css=button.btn:nth-child(1)'.</msg>
<kw name="Capture Page Screenshot" library="Selenium2Library">
<doc>Takes screenshot of the current page and embeds it into log file.</doc>
<msg timestamp="20190308 09:31:50.042" html="yes" level="INFO">&lt;/td&gt;&lt;/tr&gt;&lt;tr&gt;&lt;td colspan="3"&gt;&lt;a href="selenium-screenshot-9.png"&gt;&lt;img src="selenium-screenshot-9.png" width="800px"&gt;&lt;/a&gt;</msg>
<status status="PASS" endtime="20190308 09:31:50.042" starttime="20190308 09:31:48.356"></status>
</kw>
<msg timestamp="20190308 09:31:50.043" level="FAIL">Element with locator 'css=button.btn:nth-child(1)' not found.</msg>
<status status="FAIL" endtime="20190308 09:31:50.043" starttime="20190308 09:31:47.343"></status>
</kw>
<status status="FAIL" endtime="20190308 09:31:50.043" starttime="20190308 09:31:47.342"></status>
</kw>
<status status="FAIL" endtime="20190308 09:31:50.044" critical="yes" starttime="20190308 09:31:47.342">Element with locator 'css=button.btn:nth-child(1)' not found.</status>
</test>
<status status="FAIL" endtime="20190308 09:31:50.045" starttime="20190308 09:31:03.202"></status>
</suite>
<suite source="/Users/bukalapak/Documents/Kuliah/RF/ROBOT_FRAMEWORK/Phoenix/Tests/Web/b_Home_page/a.topup_single/b.topup_single_invalid_minimum_length.robot" id="s1-s2-s1-s2" name="B.Topup Single Invalid Minimum Length">
<test id="s1-s2-s1-s2-t1" name="Open Elisian page">
<kw name="Given Open Elisian page">
<msg timestamp="20190308 09:31:50.063" level="FAIL">No keyword with name 'Given Open Elisian page' found.</msg>
<status status="FAIL" endtime="20190308 09:31:50.063" starttime="20190308 09:31:50.063"></status>
</kw>
<status status="FAIL" endtime="20190308 09:31:50.063" critical="yes" starttime="20190308 09:31:50.058">No keyword with name 'Given Open Elisian page' found.</status>
</test>
<test id="s1-s2-s1-s2-t2" name="Fill in sign in form With Valid data">
<kw name="Fill in sign in form" library="a_login">
<kw name="Sleep" library="BuiltIn">
<doc>Pauses the test executed for the given time.</doc>
<arguments>
<arg>5s</arg>
</arguments>
<msg timestamp="20190308 09:31:55.066" level="INFO">Slept 5 seconds</msg>
<status status="PASS" endtime="20190308 09:31:55.066" starttime="20190308 09:31:50.064"></status>
</kw>
<kw name="Click Element" library="Selenium2Library">
<doc>Click element identified by ``locator``.</doc>
<arguments>
<arg>${signin_menu}</arg>
</arguments>
<msg timestamp="20190308 09:31:55.067" level="INFO">Clicking element 'css=#header-signin &gt; div:nth-child(2)'.</msg>
<kw name="Capture Page Screenshot" library="Selenium2Library">
<doc>Takes screenshot of the current page and embeds it into log file.</doc>
<msg timestamp="20190308 09:31:57.752" html="yes" level="INFO">&lt;/td&gt;&lt;/tr&gt;&lt;tr&gt;&lt;td colspan="3"&gt;&lt;a href="selenium-screenshot-10.png"&gt;&lt;img src="selenium-screenshot-10.png" width="800px"&gt;&lt;/a&gt;</msg>
<status status="PASS" endtime="20190308 09:31:57.752" starttime="20190308 09:31:56.077"></status>
</kw>
<msg timestamp="20190308 09:31:57.753" level="FAIL">Element with locator 'css=#header-signin &gt; div:nth-child(2)' not found.</msg>
<status status="FAIL" endtime="20190308 09:31:57.753" starttime="20190308 09:31:55.067"></status>
</kw>
<status status="FAIL" endtime="20190308 09:31:57.753" starttime="20190308 09:31:50.064"></status>
</kw>
<status status="FAIL" endtime="20190308 09:31:57.753" critical="yes" starttime="20190308 09:31:50.064">Element with locator 'css=#header-signin &gt; div:nth-child(2)' not found.</status>
</test>
<test id="s1-s2-s1-s2-t3" name="Click button Sign In">
<kw name="Click button Sign In" library="a_login">
<kw name="Click Button" library="Selenium2Library">
<doc>Clicks button identified by ``locator``.</doc>
<arguments>
<arg>${button_masuk}</arg>
</arguments>
<msg timestamp="20190308 09:31:57.755" level="INFO">Clicking button 'css=.modal-body &gt; form:nth-child(1) &gt; div:nth-child(3) &gt; button:nth-child(1)'.</msg>
<kw name="Capture Page Screenshot" library="Selenium2Library">
<doc>Takes screenshot of the current page and embeds it into log file.</doc>
<msg timestamp="20190308 09:32:01.473" html="yes" level="INFO">&lt;/td&gt;&lt;/tr&gt;&lt;tr&gt;&lt;td colspan="3"&gt;&lt;a href="selenium-screenshot-11.png"&gt;&lt;img src="selenium-screenshot-11.png" width="800px"&gt;&lt;/a&gt;</msg>
<status status="PASS" endtime="20190308 09:32:01.473" starttime="20190308 09:31:59.780"></status>
</kw>
<msg timestamp="20190308 09:32:01.473" level="FAIL">Button with locator 'css=.modal-body &gt; form:nth-child(1) &gt; div:nth-child(3) &gt; button:nth-child(1)' not found.</msg>
<status status="FAIL" endtime="20190308 09:32:01.473" starttime="20190308 09:31:57.755"></status>
</kw>
<status status="FAIL" endtime="20190308 09:32:01.474" starttime="20190308 09:31:57.754"></status>
</kw>
<status status="FAIL" endtime="20190308 09:32:01.474" critical="yes" starttime="20190308 09:31:57.754">Button with locator 'css=.modal-body &gt; form:nth-child(1) &gt; div:nth-child(3) &gt; button:nth-child(1)' not found.</status>
</test>
<test id="s1-s2-s1-s2-t4" name="Dashboard page Elisian">
<kw name="Home page" library="a_login">
<kw name="Sleep" library="BuiltIn">
<doc>Pauses the test executed for the given time.</doc>
<arguments>
<arg>10s</arg>
</arguments>
<msg timestamp="20190308 09:32:11.477" level="INFO">Slept 10 seconds</msg>
<status status="PASS" endtime="20190308 09:32:11.478" starttime="20190308 09:32:01.475"></status>
</kw>
<kw name="Wait Until Element Contains" library="Selenium2Library">
<doc>Waits until element ``locator`` contains ``text``.</doc>
<arguments>
<arg>${logo}</arg>
<arg>${text_logo}</arg>
</arguments>
<kw name="Capture Page Screenshot" library="Selenium2Library">
<doc>Takes screenshot of the current page and embeds it into log file.</doc>
<msg timestamp="20190308 09:32:19.851" html="yes" level="INFO">&lt;/td&gt;&lt;/tr&gt;&lt;tr&gt;&lt;td colspan="3"&gt;&lt;a href="selenium-screenshot-12.png"&gt;&lt;img src="selenium-screenshot-12.png" width="800px"&gt;&lt;/a&gt;</msg>
<status status="PASS" endtime="20190308 09:32:19.851" starttime="20190308 09:32:18.169"></status>
</kw>
<msg timestamp="20190308 09:32:19.852" level="FAIL">Element 'xpath=//*[@id="header-logo"]/div/img' did not get text 'sepulsa' in 5 seconds.</msg>
<status status="FAIL" endtime="20190308 09:32:19.852" starttime="20190308 09:32:11.478"></status>
</kw>
<status status="FAIL" endtime="20190308 09:32:19.852" starttime="20190308 09:32:01.475"></status>
</kw>
<status status="FAIL" endtime="20190308 09:32:19.852" critical="yes" starttime="20190308 09:32:01.474">Element 'xpath=//*[@id="header-logo"]/div/img' did not get text 'sepulsa' in 5 seconds.</status>
</test>
<test id="s1-s2-s1-s2-t5" name="Choose Topup menu on Partner data">
<kw name="When Choose Topup menu on Partner Data" library="b_partner_data_topup">
<kw name="Sleep" library="BuiltIn">
<doc>Pauses the test executed for the given time.</doc>
<arguments>
<arg>3s</arg>
</arguments>
<msg timestamp="20190308 09:32:22.857" level="INFO">Slept 3 seconds</msg>
<status status="PASS" endtime="20190308 09:32:22.857" starttime="20190308 09:32:19.854"></status>
</kw>
<kw name="Click Element" library="Selenium2Library">
<doc>Click element identified by ``locator``.</doc>
<arguments>
<arg>${menu_partner}</arg>
</arguments>
<msg timestamp="20190308 09:32:22.858" level="INFO">Clicking element 'css=.m-menu__item--submenu:nth-child(2)'.</msg>
<kw name="Capture Page Screenshot" library="Selenium2Library">
<doc>Takes screenshot of the current page and embeds it into log file.</doc>
<msg timestamp="20190308 09:32:25.554" html="yes" level="INFO">&lt;/td&gt;&lt;/tr&gt;&lt;tr&gt;&lt;td colspan="3"&gt;&lt;a href="selenium-screenshot-13.png"&gt;&lt;img src="selenium-screenshot-13.png" width="800px"&gt;&lt;/a&gt;</msg>
<status status="PASS" endtime="20190308 09:32:25.555" starttime="20190308 09:32:23.872"></status>
</kw>
<msg timestamp="20190308 09:32:25.555" level="FAIL">Element with locator 'css=.m-menu__item--submenu:nth-child(2)' not found.</msg>
<status status="FAIL" endtime="20190308 09:32:25.555" starttime="20190308 09:32:22.857"></status>
</kw>
<status status="FAIL" endtime="20190308 09:32:25.556" starttime="20190308 09:32:19.854"></status>
</kw>
<status status="FAIL" endtime="20190308 09:32:25.556" critical="yes" starttime="20190308 09:32:19.853">Element with locator 'css=.m-menu__item--submenu:nth-child(2)' not found.</status>
</test>
<test id="s1-s2-s1-s2-t6" name="Choose Add Single data topup">
<kw name="And Choose Add Single data topup" library="b_partner_data_topup">
<kw name="Sleep" library="BuiltIn">
<doc>Pauses the test executed for the given time.</doc>
<arguments>
<arg>3s</arg>
</arguments>
<msg timestamp="20190308 09:32:28.559" level="INFO">Slept 3 seconds</msg>
<status status="PASS" endtime="20190308 09:32:28.559" starttime="20190308 09:32:25.558"></status>
</kw>
<kw name="Click Element" library="Selenium2Library">
<doc>Click element identified by ``locator``.</doc>
<arguments>
<arg>${menu_single_topup}</arg>
</arguments>
<msg timestamp="20190308 09:32:28.560" level="INFO">Clicking element 'css=a.btn:nth-child(1)'.</msg>
<kw name="Capture Page Screenshot" library="Selenium2Library">
<doc>Takes screenshot of the current page and embeds it into log file.</doc>
<msg timestamp="20190308 09:32:31.252" html="yes" level="INFO">&lt;/td&gt;&lt;/tr&gt;&lt;tr&gt;&lt;td colspan="3"&gt;&lt;a href="selenium-screenshot-14.png"&gt;&lt;img src="selenium-screenshot-14.png" width="800px"&gt;&lt;/a&gt;</msg>
<status status="PASS" endtime="20190308 09:32:31.253" starttime="20190308 09:32:29.569"></status>
</kw>
<msg timestamp="20190308 09:32:31.253" level="FAIL">Element with locator 'css=a.btn:nth-child(1)' not found.</msg>
<status status="FAIL" endtime="20190308 09:32:31.253" starttime="20190308 09:32:28.560"></status>
</kw>
<status status="FAIL" endtime="20190308 09:32:31.253" starttime="20190308 09:32:25.557"></status>
</kw>
<status status="FAIL" endtime="20190308 09:32:31.254" critical="yes" starttime="20190308 09:32:25.557">Element with locator 'css=a.btn:nth-child(1)' not found.</status>
</test>
<test id="s1-s2-s1-s2-t7" name="Fill in Single Topup form data">
<kw name="And Fill in Single Topup form Invalid Minimum Length" library="b_partner_data_topup">
<kw name="Click Element" library="Selenium2Library">
<doc>Click element identified by ``locator``.</doc>
<arguments>
<arg>${customer_number}</arg>
</arguments>
<msg timestamp="20190308 09:32:31.256" level="INFO">Clicking element 'css=div.col-md-12:nth-child(1) &gt; input:nth-child(2)'.</msg>
<kw name="Capture Page Screenshot" library="Selenium2Library">
<doc>Takes screenshot of the current page and embeds it into log file.</doc>
<msg timestamp="20190308 09:32:33.959" html="yes" level="INFO">&lt;/td&gt;&lt;/tr&gt;&lt;tr&gt;&lt;td colspan="3"&gt;&lt;a href="selenium-screenshot-15.png"&gt;&lt;img src="selenium-screenshot-15.png" width="800px"&gt;&lt;/a&gt;</msg>
<status status="PASS" endtime="20190308 09:32:33.959" starttime="20190308 09:32:32.269"></status>
</kw>
<msg timestamp="20190308 09:32:33.959" level="FAIL">Element with locator 'css=div.col-md-12:nth-child(1) &gt; input:nth-child(2)' not found.</msg>
<status status="FAIL" endtime="20190308 09:32:33.959" starttime="20190308 09:32:31.255"></status>
</kw>
<status status="FAIL" endtime="20190308 09:32:33.960" starttime="20190308 09:32:31.255"></status>
</kw>
<status status="FAIL" endtime="20190308 09:32:33.960" critical="yes" starttime="20190308 09:32:31.254">Element with locator 'css=div.col-md-12:nth-child(1) &gt; input:nth-child(2)' not found.</status>
</test>
<test id="s1-s2-s1-s2-t8" name="Click button Topup Submit">
<kw name="And Click button single Topup Submit" library="b_partner_data_topup">
<kw name="Click Element" library="Selenium2Library">
<doc>Click element identified by ``locator``.</doc>
<arguments>
<arg>${submit_single}</arg>
</arguments>
<msg timestamp="20190308 09:32:33.962" level="INFO">Clicking element 'css=button.btn:nth-child(1)'.</msg>
<kw name="Capture Page Screenshot" library="Selenium2Library">
<doc>Takes screenshot of the current page and embeds it into log file.</doc>
<msg timestamp="20190308 09:32:36.679" html="yes" level="INFO">&lt;/td&gt;&lt;/tr&gt;&lt;tr&gt;&lt;td colspan="3"&gt;&lt;a href="selenium-screenshot-16.png"&gt;&lt;img src="selenium-screenshot-16.png" width="800px"&gt;&lt;/a&gt;</msg>
<status status="PASS" endtime="20190308 09:32:36.679" starttime="20190308 09:32:34.975"></status>
</kw>
<msg timestamp="20190308 09:32:36.680" level="FAIL">Element with locator 'css=button.btn:nth-child(1)' not found.</msg>
<status status="FAIL" endtime="20190308 09:32:36.680" starttime="20190308 09:32:33.962"></status>
</kw>
<status status="FAIL" endtime="20190308 09:32:36.680" starttime="20190308 09:32:33.961"></status>
</kw>
<status status="FAIL" endtime="20190308 09:32:36.680" critical="yes" starttime="20190308 09:32:33.961">Element with locator 'css=button.btn:nth-child(1)' not found.</status>
</test>
<test id="s1-s2-s1-s2-t9" name="Error message Invalid customer number">
<kw name="Then Error message Invalid customer number" library="b_partner_data_topup">
<kw name="Wait Until Element Contains" library="Selenium2Library">
<doc>Waits until element ``locator`` contains ``text``.</doc>
<arguments>
<arg>${error_message}</arg>
<arg>${toast_message_a}</arg>
</arguments>
<kw name="Capture Page Screenshot" library="Selenium2Library">
<doc>Takes screenshot of the current page and embeds it into log file.</doc>
<msg timestamp="20190308 09:32:44.455" html="yes" level="INFO">&lt;/td&gt;&lt;/tr&gt;&lt;tr&gt;&lt;td colspan="3"&gt;&lt;a href="selenium-screenshot-17.png"&gt;&lt;img src="selenium-screenshot-17.png" width="800px"&gt;&lt;/a&gt;</msg>
<status status="PASS" endtime="20190308 09:32:44.455" starttime="20190308 09:32:42.769"></status>
</kw>
<msg timestamp="20190308 09:32:44.455" level="FAIL">Element with locator 'id=toast-container' not found.</msg>
<status status="FAIL" endtime="20190308 09:32:44.455" starttime="20190308 09:32:36.682"></status>
</kw>
<status status="FAIL" endtime="20190308 09:32:44.456" starttime="20190308 09:32:36.682"></status>
</kw>
<status status="FAIL" endtime="20190308 09:32:44.456" critical="yes" starttime="20190308 09:32:36.681">Element with locator 'id=toast-container' not found.</status>
</test>
<status status="FAIL" endtime="20190308 09:32:44.457" starttime="20190308 09:31:50.050"></status>
</suite>
<suite source="/Users/bukalapak/Documents/Kuliah/RF/ROBOT_FRAMEWORK/Phoenix/Tests/Web/b_Home_page/a.topup_single/c.topup_single_invalid_maximum_length.robot" id="s1-s2-s1-s3" name="C.Topup Single Invalid Maximum Length">
<test id="s1-s2-s1-s3-t1" name="Open Elisian page">
<kw name="Given Open Elisian page">
<msg timestamp="20190308 09:32:44.479" level="FAIL">No keyword with name 'Given Open Elisian page' found.</msg>
<status status="FAIL" endtime="20190308 09:32:44.479" starttime="20190308 09:32:44.479"></status>
</kw>
<status status="FAIL" endtime="20190308 09:32:44.479" critical="yes" starttime="20190308 09:32:44.471">No keyword with name 'Given Open Elisian page' found.</status>
</test>
<test id="s1-s2-s1-s3-t2" name="Fill in sign in form With Valid data">
<kw name="Fill in sign in form" library="a_login">
<kw name="Sleep" library="BuiltIn">
<doc>Pauses the test executed for the given time.</doc>
<arguments>
<arg>5s</arg>
</arguments>
<msg timestamp="20190308 09:32:49.481" level="INFO">Slept 5 seconds</msg>
<status status="PASS" endtime="20190308 09:32:49.481" starttime="20190308 09:32:44.480"></status>
</kw>
<kw name="Click Element" library="Selenium2Library">
<doc>Click element identified by ``locator``.</doc>
<arguments>
<arg>${signin_menu}</arg>
</arguments>
<msg timestamp="20190308 09:32:49.482" level="INFO">Clicking element 'css=#header-signin &gt; div:nth-child(2)'.</msg>
<kw name="Capture Page Screenshot" library="Selenium2Library">
<doc>Takes screenshot of the current page and embeds it into log file.</doc>
<msg timestamp="20190308 09:32:52.176" html="yes" level="INFO">&lt;/td&gt;&lt;/tr&gt;&lt;tr&gt;&lt;td colspan="3"&gt;&lt;a href="selenium-screenshot-18.png"&gt;&lt;img src="selenium-screenshot-18.png" width="800px"&gt;&lt;/a&gt;</msg>
<status status="PASS" endtime="20190308 09:32:52.177" starttime="20190308 09:32:50.496"></status>
</kw>
<msg timestamp="20190308 09:32:52.177" level="FAIL">Element with locator 'css=#header-signin &gt; div:nth-child(2)' not found.</msg>
<status status="FAIL" endtime="20190308 09:32:52.177" starttime="20190308 09:32:49.482"></status>
</kw>
<status status="FAIL" endtime="20190308 09:32:52.177" starttime="20190308 09:32:44.480"></status>
</kw>
<status status="FAIL" endtime="20190308 09:32:52.177" critical="yes" starttime="20190308 09:32:44.480">Element with locator 'css=#header-signin &gt; div:nth-child(2)' not found.</status>
</test>
<test id="s1-s2-s1-s3-t3" name="Click button Sign In">
<kw name="Click button Sign In" library="a_login">
<kw name="Click Button" library="Selenium2Library">
<doc>Clicks button identified by ``locator``.</doc>
<arguments>
<arg>${button_masuk}</arg>
</arguments>
<msg timestamp="20190308 09:32:52.179" level="INFO">Clicking button 'css=.modal-body &gt; form:nth-child(1) &gt; div:nth-child(3) &gt; button:nth-child(1)'.</msg>
<kw name="Capture Page Screenshot" library="Selenium2Library">
<doc>Takes screenshot of the current page and embeds it into log file.</doc>
<msg timestamp="20190308 09:32:55.887" html="yes" level="INFO">&lt;/td&gt;&lt;/tr&gt;&lt;tr&gt;&lt;td colspan="3"&gt;&lt;a href="selenium-screenshot-19.png"&gt;&lt;img src="selenium-screenshot-19.png" width="800px"&gt;&lt;/a&gt;</msg>
<status status="PASS" endtime="20190308 09:32:55.887" starttime="20190308 09:32:54.201"></status>
</kw>
<msg timestamp="20190308 09:32:55.888" level="FAIL">Button with locator 'css=.modal-body &gt; form:nth-child(1) &gt; div:nth-child(3) &gt; button:nth-child(1)' not found.</msg>
<status status="FAIL" endtime="20190308 09:32:55.888" starttime="20190308 09:32:52.179"></status>
</kw>
<status status="FAIL" endtime="20190308 09:32:55.888" starttime="20190308 09:32:52.178"></status>
</kw>
<status status="FAIL" endtime="20190308 09:32:55.888" critical="yes" starttime="20190308 09:32:52.178">Button with locator 'css=.modal-body &gt; form:nth-child(1) &gt; div:nth-child(3) &gt; button:nth-child(1)' not found.</status>
</test>
<test id="s1-s2-s1-s3-t4" name="Dashboard page Elisian">
<kw name="Home page" library="a_login">
<kw name="Sleep" library="BuiltIn">
<doc>Pauses the test executed for the given time.</doc>
<arguments>
<arg>10s</arg>
</arguments>
<msg timestamp="20190308 09:33:05.892" level="INFO">Slept 10 seconds</msg>
<status status="PASS" endtime="20190308 09:33:05.892" starttime="20190308 09:32:55.890"></status>
</kw>
<kw name="Wait Until Element Contains" library="Selenium2Library">
<doc>Waits until element ``locator`` contains ``text``.</doc>
<arguments>
<arg>${logo}</arg>
<arg>${text_logo}</arg>
</arguments>
<kw name="Capture Page Screenshot" library="Selenium2Library">
<doc>Takes screenshot of the current page and embeds it into log file.</doc>
<msg timestamp="20190308 09:33:14.248" html="yes" level="INFO">&lt;/td&gt;&lt;/tr&gt;&lt;tr&gt;&lt;td colspan="3"&gt;&lt;a href="selenium-screenshot-20.png"&gt;&lt;img src="selenium-screenshot-20.png" width="800px"&gt;&lt;/a&gt;</msg>
<status status="PASS" endtime="20190308 09:33:14.248" starttime="20190308 09:33:12.568"></status>
</kw>
<msg timestamp="20190308 09:33:14.248" level="FAIL">Element 'xpath=//*[@id="header-logo"]/div/img' did not get text 'sepulsa' in 5 seconds.</msg>
<status status="FAIL" endtime="20190308 09:33:14.248" starttime="20190308 09:33:05.893"></status>
</kw>
<status status="FAIL" endtime="20190308 09:33:14.249" starttime="20190308 09:32:55.889"></status>
</kw>
<status status="FAIL" endtime="20190308 09:33:14.249" critical="yes" starttime="20190308 09:32:55.889">Element 'xpath=//*[@id="header-logo"]/div/img' did not get text 'sepulsa' in 5 seconds.</status>
</test>
<test id="s1-s2-s1-s3-t5" name="Choose Topup menu on Partner data">
<kw name="When Choose Topup menu on Partner Data" library="b_partner_data_topup">
<kw name="Sleep" library="BuiltIn">
<doc>Pauses the test executed for the given time.</doc>
<arguments>
<arg>3s</arg>
</arguments>
<msg timestamp="20190308 09:33:17.252" level="INFO">Slept 3 seconds</msg>
<status status="PASS" endtime="20190308 09:33:17.252" starttime="20190308 09:33:14.250"></status>
</kw>
<kw name="Click Element" library="Selenium2Library">
<doc>Click element identified by ``locator``.</doc>
<arguments>
<arg>${menu_partner}</arg>
</arguments>
<msg timestamp="20190308 09:33:17.253" level="INFO">Clicking element 'css=.m-menu__item--submenu:nth-child(2)'.</msg>
<kw name="Capture Page Screenshot" library="Selenium2Library">
<doc>Takes screenshot of the current page and embeds it into log file.</doc>
<msg timestamp="20190308 09:33:19.954" html="yes" level="INFO">&lt;/td&gt;&lt;/tr&gt;&lt;tr&gt;&lt;td colspan="3"&gt;&lt;a href="selenium-screenshot-21.png"&gt;&lt;img src="selenium-screenshot-21.png" width="800px"&gt;&lt;/a&gt;</msg>
<status status="PASS" endtime="20190308 09:33:19.954" starttime="20190308 09:33:18.263"></status>
</kw>
<msg timestamp="20190308 09:33:19.955" level="FAIL">Element with locator 'css=.m-menu__item--submenu:nth-child(2)' not found.</msg>
<status status="FAIL" endtime="20190308 09:33:19.955" starttime="20190308 09:33:17.253"></status>
</kw>
<status status="FAIL" endtime="20190308 09:33:19.955" starttime="20190308 09:33:14.250"></status>
</kw>
<status status="FAIL" endtime="20190308 09:33:19.955" critical="yes" starttime="20190308 09:33:14.249">Element with locator 'css=.m-menu__item--submenu:nth-child(2)' not found.</status>
</test>
<test id="s1-s2-s1-s3-t6" name="Choose Add Single data topup">
<kw name="And Choose Add Single data topup" library="b_partner_data_topup">
<kw name="Sleep" library="BuiltIn">
<doc>Pauses the test executed for the given time.</doc>
<arguments>
<arg>3s</arg>
</arguments>
<msg timestamp="20190308 09:33:22.958" level="INFO">Slept 3 seconds</msg>
<status status="PASS" endtime="20190308 09:33:22.958" starttime="20190308 09:33:19.957"></status>
</kw>
<kw name="Click Element" library="Selenium2Library">
<doc>Click element identified by ``locator``.</doc>
<arguments>
<arg>${menu_single_topup}</arg>
</arguments>
<msg timestamp="20190308 09:33:22.959" level="INFO">Clicking element 'css=a.btn:nth-child(1)'.</msg>
<kw name="Capture Page Screenshot" library="Selenium2Library">
<doc>Takes screenshot of the current page and embeds it into log file.</doc>
<msg timestamp="20190308 09:33:25.662" html="yes" level="INFO">&lt;/td&gt;&lt;/tr&gt;&lt;tr&gt;&lt;td colspan="3"&gt;&lt;a href="selenium-screenshot-22.png"&gt;&lt;img src="selenium-screenshot-22.png" width="800px"&gt;&lt;/a&gt;</msg>
<status status="PASS" endtime="20190308 09:33:25.662" starttime="20190308 09:33:23.970"></status>
</kw>
<msg timestamp="20190308 09:33:25.662" level="FAIL">Element with locator 'css=a.btn:nth-child(1)' not found.</msg>
<status status="FAIL" endtime="20190308 09:33:25.662" starttime="20190308 09:33:22.959"></status>
</kw>
<status status="FAIL" endtime="20190308 09:33:25.663" starttime="20190308 09:33:19.956"></status>
</kw>
<status status="FAIL" endtime="20190308 09:33:25.663" critical="yes" starttime="20190308 09:33:19.956">Element with locator 'css=a.btn:nth-child(1)' not found.</status>
</test>
<test id="s1-s2-s1-s3-t7" name="Fill in Single Topup form data">
<kw name="And Fill in Single Topup form Invalid Maximum Length" library="b_partner_data_topup">
<kw name="Click Element" library="Selenium2Library">
<doc>Click element identified by ``locator``.</doc>
<arguments>
<arg>${customer_number}</arg>
</arguments>
<msg timestamp="20190308 09:33:25.665" level="INFO">Clicking element 'css=div.col-md-12:nth-child(1) &gt; input:nth-child(2)'.</msg>
<kw name="Capture Page Screenshot" library="Selenium2Library">
<doc>Takes screenshot of the current page and embeds it into log file.</doc>
<msg timestamp="20190308 09:33:28.358" html="yes" level="INFO">&lt;/td&gt;&lt;/tr&gt;&lt;tr&gt;&lt;td colspan="3"&gt;&lt;a href="selenium-screenshot-23.png"&gt;&lt;img src="selenium-screenshot-23.png" width="800px"&gt;&lt;/a&gt;</msg>
<status status="PASS" endtime="20190308 09:33:28.359" starttime="20190308 09:33:26.677"></status>
</kw>
<msg timestamp="20190308 09:33:28.359" level="FAIL">Element with locator 'css=div.col-md-12:nth-child(1) &gt; input:nth-child(2)' not found.</msg>
<status status="FAIL" endtime="20190308 09:33:28.359" starttime="20190308 09:33:25.665"></status>
</kw>
<status status="FAIL" endtime="20190308 09:33:28.359" starttime="20190308 09:33:25.664"></status>
</kw>
<status status="FAIL" endtime="20190308 09:33:28.360" critical="yes" starttime="20190308 09:33:25.663">Element with locator 'css=div.col-md-12:nth-child(1) &gt; input:nth-child(2)' not found.</status>
</test>
<test id="s1-s2-s1-s3-t8" name="Click button Topup Submit">
<kw name="And Click button single Topup Submit" library="b_partner_data_topup">
<kw name="Click Element" library="Selenium2Library">
<doc>Click element identified by ``locator``.</doc>
<arguments>
<arg>${submit_single}</arg>
</arguments>
<msg timestamp="20190308 09:33:28.362" level="INFO">Clicking element 'css=button.btn:nth-child(1)'.</msg>
<kw name="Capture Page Screenshot" library="Selenium2Library">
<doc>Takes screenshot of the current page and embeds it into log file.</doc>
<msg timestamp="20190308 09:33:31.055" html="yes" level="INFO">&lt;/td&gt;&lt;/tr&gt;&lt;tr&gt;&lt;td colspan="3"&gt;&lt;a href="selenium-screenshot-24.png"&gt;&lt;img src="selenium-screenshot-24.png" width="800px"&gt;&lt;/a&gt;</msg>
<status status="PASS" endtime="20190308 09:33:31.055" starttime="20190308 09:33:29.369"></status>
</kw>
<msg timestamp="20190308 09:33:31.055" level="FAIL">Element with locator 'css=button.btn:nth-child(1)' not found.</msg>
<status status="FAIL" endtime="20190308 09:33:31.055" starttime="20190308 09:33:28.361"></status>
</kw>
<status status="FAIL" endtime="20190308 09:33:31.056" starttime="20190308 09:33:28.361"></status>
</kw>
<status status="FAIL" endtime="20190308 09:33:31.056" critical="yes" starttime="20190308 09:33:28.360">Element with locator 'css=button.btn:nth-child(1)' not found.</status>
</test>
<test id="s1-s2-s1-s3-t9" name="Error message Invalid customer number">
<kw name="Then Error message Invalid customer number" library="b_partner_data_topup">
<kw name="Wait Until Element Contains" library="Selenium2Library">
<doc>Waits until element ``locator`` contains ``text``.</doc>
<arguments>
<arg>${error_message}</arg>
<arg>${toast_message_a}</arg>
</arguments>
<kw name="Capture Page Screenshot" library="Selenium2Library">
<doc>Takes screenshot of the current page and embeds it into log file.</doc>
<msg timestamp="20190308 09:33:38.826" html="yes" level="INFO">&lt;/td&gt;&lt;/tr&gt;&lt;tr&gt;&lt;td colspan="3"&gt;&lt;a href="selenium-screenshot-25.png"&gt;&lt;img src="selenium-screenshot-25.png" width="800px"&gt;&lt;/a&gt;</msg>
<status status="PASS" endtime="20190308 09:33:38.826" starttime="20190308 09:33:37.125"></status>
</kw>
<msg timestamp="20190308 09:33:38.827" level="FAIL">Element with locator 'id=toast-container' not found.</msg>
<status status="FAIL" endtime="20190308 09:33:38.827" starttime="20190308 09:33:31.058"></status>
</kw>
<status status="FAIL" endtime="20190308 09:33:38.827" starttime="20190308 09:33:31.057"></status>
</kw>
<status status="FAIL" endtime="20190308 09:33:38.827" critical="yes" starttime="20190308 09:33:31.056">Element with locator 'id=toast-container' not found.</status>
</test>
<status status="FAIL" endtime="20190308 09:33:38.829" starttime="20190308 09:32:44.462"></status>
</suite>
<suite source="/Users/bukalapak/Documents/Kuliah/RF/ROBOT_FRAMEWORK/Phoenix/Tests/Web/b_Home_page/a.topup_single/d.topup_single_invalid_bukan_prefix.robot" id="s1-s2-s1-s4" name="D.Topup Single Invalid Bukan Prefix">
<test id="s1-s2-s1-s4-t1" name="Open Elisian page">
<kw name="Given Open Elisian page">
<msg timestamp="20190308 09:33:38.852" level="FAIL">No keyword with name 'Given Open Elisian page' found.</msg>
<status status="FAIL" endtime="20190308 09:33:38.853" starttime="20190308 09:33:38.852"></status>
</kw>
<status status="FAIL" endtime="20190308 09:33:38.854" critical="yes" starttime="20190308 09:33:38.847">No keyword with name 'Given Open Elisian page' found.</status>
</test>
<test id="s1-s2-s1-s4-t2" name="Fill in sign in form With Valid data">
<kw name="Fill in sign in form" library="a_login">
<kw name="Sleep" library="BuiltIn">
<doc>Pauses the test executed for the given time.</doc>
<arguments>
<arg>5s</arg>
</arguments>
<msg timestamp="20190308 09:33:43.859" level="INFO">Slept 5 seconds</msg>
<status status="PASS" endtime="20190308 09:33:43.860" starttime="20190308 09:33:38.857"></status>
</kw>
<kw name="Click Element" library="Selenium2Library">
<doc>Click element identified by ``locator``.</doc>
<arguments>
<arg>${signin_menu}</arg>
</arguments>
<msg timestamp="20190308 09:33:43.860" level="INFO">Clicking element 'css=#header-signin &gt; div:nth-child(2)'.</msg>
<kw name="Capture Page Screenshot" library="Selenium2Library">
<doc>Takes screenshot of the current page and embeds it into log file.</doc>
<msg timestamp="20190308 09:33:46.741" html="yes" level="INFO">&lt;/td&gt;&lt;/tr&gt;&lt;tr&gt;&lt;td colspan="3"&gt;&lt;a href="selenium-screenshot-26.png"&gt;&lt;img src="selenium-screenshot-26.png" width="800px"&gt;&lt;/a&gt;</msg>
<status status="PASS" endtime="20190308 09:33:46.741" starttime="20190308 09:33:44.869"></status>
</kw>
<msg timestamp="20190308 09:33:46.741" level="FAIL">Element with locator 'css=#header-signin &gt; div:nth-child(2)' not found.</msg>
<status status="FAIL" endtime="20190308 09:33:46.741" starttime="20190308 09:33:43.860"></status>
</kw>
<status status="FAIL" endtime="20190308 09:33:46.741" starttime="20190308 09:33:38.856"></status>
</kw>
<status status="FAIL" endtime="20190308 09:33:46.742" critical="yes" starttime="20190308 09:33:38.855">Element with locator 'css=#header-signin &gt; div:nth-child(2)' not found.</status>
</test>
<test id="s1-s2-s1-s4-t3" name="Click button Sign In">
<kw name="Click button Sign In" library="a_login">
<kw name="Click Button" library="Selenium2Library">
<doc>Clicks button identified by ``locator``.</doc>
<arguments>
<arg>${button_masuk}</arg>
</arguments>
<msg timestamp="20190308 09:33:46.743" level="INFO">Clicking button 'css=.modal-body &gt; form:nth-child(1) &gt; div:nth-child(3) &gt; button:nth-child(1)'.</msg>
<kw name="Capture Page Screenshot" library="Selenium2Library">
<doc>Takes screenshot of the current page and embeds it into log file.</doc>
<msg timestamp="20190308 09:33:48.779" level="FAIL">NoSuchWindowException: Message: no such window: window was already closed
  (Session info: chrome=72.0.3626.119)
  (Driver info: chromedriver=2.46.628411 (3324f4c8be9ff2f70a05a30ebc72ffb013e1a71e),platform=Mac OS X 10.13.6 x86_64)
</msg>
<status status="FAIL" endtime="20190308 09:33:48.779" starttime="20190308 09:33:48.768"></status>
</kw>
<msg timestamp="20190308 09:33:48.779" level="WARN">Keyword 'Capture Page Screenshot' could not be run on failure: NoSuchWindowException: Message: no such window: window was already closed
  (Session info: chrome=72.0.3626.119)
  (Driver info: chromedriver=2.46.628411 (3324f4c8be9ff2f70a05a30ebc72ffb013e1a71e),platform=Mac OS X 10.13.6 x86_64)
</msg>
<msg timestamp="20190308 09:33:48.780" level="FAIL">Button with locator 'css=.modal-body &gt; form:nth-child(1) &gt; div:nth-child(3) &gt; button:nth-child(1)' not found.</msg>
<status status="FAIL" endtime="20190308 09:33:48.780" starttime="20190308 09:33:46.743"></status>
</kw>
<status status="FAIL" endtime="20190308 09:33:48.780" starttime="20190308 09:33:46.743"></status>
</kw>
<status status="FAIL" endtime="20190308 09:33:48.781" critical="yes" starttime="20190308 09:33:46.742">Button with locator 'css=.modal-body &gt; form:nth-child(1) &gt; div:nth-child(3) &gt; button:nth-child(1)' not found.</status>
</test>
<test id="s1-s2-s1-s4-t4" name="Dashboard page Elisian">
<kw name="Home page" library="a_login">
<kw name="Sleep" library="BuiltIn">
<doc>Pauses the test executed for the given time.</doc>
<arguments>
<arg>10s</arg>
</arguments>
<msg timestamp="20190308 09:33:58.783" level="INFO">Slept 10 seconds</msg>
<status status="PASS" endtime="20190308 09:33:58.783" starttime="20190308 09:33:48.782"></status>
</kw>
<kw name="Wait Until Element Contains" library="Selenium2Library">
<doc>Waits until element ``locator`` contains ``text``.</doc>
<arguments>
<arg>${logo}</arg>
<arg>${text_logo}</arg>
</arguments>
<kw name="Capture Page Screenshot" library="Selenium2Library">
<doc>Takes screenshot of the current page and embeds it into log file.</doc>
<msg timestamp="20190308 09:33:58.795" level="FAIL">NoSuchWindowException: Message: no such window: window was already closed
  (Session info: chrome=72.0.3626.119)
  (Driver info: chromedriver=2.46.628411 (3324f4c8be9ff2f70a05a30ebc72ffb013e1a71e),platform=Mac OS X 10.13.6 x86_64)
</msg>
<status status="FAIL" endtime="20190308 09:33:58.795" starttime="20190308 09:33:58.789"></status>
</kw>
<msg timestamp="20190308 09:33:58.795" level="WARN">Keyword 'Capture Page Screenshot' could not be run on failure: NoSuchWindowException: Message: no such window: window was already closed
  (Session info: chrome=72.0.3626.119)
  (Driver info: chromedriver=2.46.628411 (3324f4c8be9ff2f70a05a30ebc72ffb013e1a71e),platform=Mac OS X 10.13.6 x86_64)
</msg>
<msg timestamp="20190308 09:33:58.796" level="FAIL">NoSuchWindowException: Message: no such window: window was already closed
  (Session info: chrome=72.0.3626.119)
  (Driver info: chromedriver=2.46.628411 (3324f4c8be9ff2f70a05a30ebc72ffb013e1a71e),platform=Mac OS X 10.13.6 x86_64)
</msg>
<status status="FAIL" endtime="20190308 09:33:58.796" starttime="20190308 09:33:58.783"></status>
</kw>
<status status="FAIL" endtime="20190308 09:33:58.796" starttime="20190308 09:33:48.782"></status>
</kw>
<status status="FAIL" endtime="20190308 09:33:58.796" critical="yes" starttime="20190308 09:33:48.781">NoSuchWindowException: Message: no such window: window was already closed
  (Session info: chrome=72.0.3626.119)
  (Driver info: chromedriver=2.46.628411 (3324f4c8be9ff2f70a05a30ebc72ffb013e1a71e),platform=Mac OS X 10.13.6 x86_64)
</status>
</test>
<test id="s1-s2-s1-s4-t5" name="Choose Topup menu on Partner data">
<kw name="When Choose Topup menu on Partner Data" library="b_partner_data_topup">
<kw name="Sleep" library="BuiltIn">
<doc>Pauses the test executed for the given time.</doc>
<arguments>
<arg>3s</arg>
</arguments>
<msg timestamp="20190308 09:34:01.800" level="INFO">Slept 3 seconds</msg>
<status status="PASS" endtime="20190308 09:34:01.800" starttime="20190308 09:33:58.798"></status>
</kw>
<kw name="Click Element" library="Selenium2Library">
<doc>Click element identified by ``locator``.</doc>
<arguments>
<arg>${menu_partner}</arg>
</arguments>
<msg timestamp="20190308 09:34:01.801" level="INFO">Clicking element 'css=.m-menu__item--submenu:nth-child(2)'.</msg>
<kw name="Capture Page Screenshot" library="Selenium2Library">
<doc>Takes screenshot of the current page and embeds it into log file.</doc>
<msg timestamp="20190308 09:34:01.813" level="FAIL">NoSuchWindowException: Message: no such window: window was already closed
  (Session info: chrome=72.0.3626.119)
  (Driver info: chromedriver=2.46.628411 (3324f4c8be9ff2f70a05a30ebc72ffb013e1a71e),platform=Mac OS X 10.13.6 x86_64)
</msg>
<status status="FAIL" endtime="20190308 09:34:01.813" starttime="20190308 09:34:01.807"></status>
</kw>
<msg timestamp="20190308 09:34:01.813" level="WARN">Keyword 'Capture Page Screenshot' could not be run on failure: NoSuchWindowException: Message: no such window: window was already closed
  (Session info: chrome=72.0.3626.119)
  (Driver info: chromedriver=2.46.628411 (3324f4c8be9ff2f70a05a30ebc72ffb013e1a71e),platform=Mac OS X 10.13.6 x86_64)
</msg>
<msg timestamp="20190308 09:34:01.814" level="FAIL">NoSuchWindowException: Message: no such window: window was already closed
  (Session info: chrome=72.0.3626.119)
  (Driver info: chromedriver=2.46.628411 (3324f4c8be9ff2f70a05a30ebc72ffb013e1a71e),platform=Mac OS X 10.13.6 x86_64)
</msg>
<status status="FAIL" endtime="20190308 09:34:01.814" starttime="20190308 09:34:01.800"></status>
</kw>
<status status="FAIL" endtime="20190308 09:34:01.814" starttime="20190308 09:33:58.798"></status>
</kw>
<status status="FAIL" endtime="20190308 09:34:01.814" critical="yes" starttime="20190308 09:33:58.797">NoSuchWindowException: Message: no such window: window was already closed
  (Session info: chrome=72.0.3626.119)
  (Driver info: chromedriver=2.46.628411 (3324f4c8be9ff2f70a05a30ebc72ffb013e1a71e),platform=Mac OS X 10.13.6 x86_64)
</status>
</test>
<test id="s1-s2-s1-s4-t6" name="Choose Add Single data topup">
<kw name="And Choose Add Single data topup" library="b_partner_data_topup">
<kw name="Sleep" library="BuiltIn">
<doc>Pauses the test executed for the given time.</doc>
<arguments>
<arg>3s</arg>
</arguments>
<msg timestamp="20190308 09:34:04.818" level="INFO">Slept 3 seconds</msg>
<status status="PASS" endtime="20190308 09:34:04.819" starttime="20190308 09:34:01.816"></status>
</kw>
<kw name="Click Element" library="Selenium2Library">
<doc>Click element identified by ``locator``.</doc>
<arguments>
<arg>${menu_single_topup}</arg>
</arguments>
<msg timestamp="20190308 09:34:04.819" level="INFO">Clicking element 'css=a.btn:nth-child(1)'.</msg>
<kw name="Capture Page Screenshot" library="Selenium2Library">
<doc>Takes screenshot of the current page and embeds it into log file.</doc>
<msg timestamp="20190308 09:34:04.831" level="FAIL">NoSuchWindowException: Message: no such window: window was already closed
  (Session info: chrome=72.0.3626.119)
  (Driver info: chromedriver=2.46.628411 (3324f4c8be9ff2f70a05a30ebc72ffb013e1a71e),platform=Mac OS X 10.13.6 x86_64)
</msg>
<status status="FAIL" endtime="20190308 09:34:04.831" starttime="20190308 09:34:04.825"></status>
</kw>
<msg timestamp="20190308 09:34:04.831" level="WARN">Keyword 'Capture Page Screenshot' could not be run on failure: NoSuchWindowException: Message: no such window: window was already closed
  (Session info: chrome=72.0.3626.119)
  (Driver info: chromedriver=2.46.628411 (3324f4c8be9ff2f70a05a30ebc72ffb013e1a71e),platform=Mac OS X 10.13.6 x86_64)
</msg>
<msg timestamp="20190308 09:34:04.832" level="FAIL">NoSuchWindowException: Message: no such window: window was already closed
  (Session info: chrome=72.0.3626.119)
  (Driver info: chromedriver=2.46.628411 (3324f4c8be9ff2f70a05a30ebc72ffb013e1a71e),platform=Mac OS X 10.13.6 x86_64)
</msg>
<status status="FAIL" endtime="20190308 09:34:04.832" starttime="20190308 09:34:04.819"></status>
</kw>
<status status="FAIL" endtime="20190308 09:34:04.832" starttime="20190308 09:34:01.815"></status>
</kw>
<status status="FAIL" endtime="20190308 09:34:04.832" critical="yes" starttime="20190308 09:34:01.815">NoSuchWindowException: Message: no such window: window was already closed
  (Session info: chrome=72.0.3626.119)
  (Driver info: chromedriver=2.46.628411 (3324f4c8be9ff2f70a05a30ebc72ffb013e1a71e),platform=Mac OS X 10.13.6 x86_64)
</status>
</test>
<test id="s1-s2-s1-s4-t7" name="Fill in Single Topup form data">
<kw name="And Fill in Single Topup form Invalid Bukan Prefix" library="b_partner_data_topup">
<kw name="Click Element" library="Selenium2Library">
<doc>Click element identified by ``locator``.</doc>
<arguments>
<arg>${customer_number}</arg>
</arguments>
<msg timestamp="20190308 09:34:04.834" level="INFO">Clicking element 'css=div.col-md-12:nth-child(1) &gt; input:nth-child(2)'.</msg>
<kw name="Capture Page Screenshot" library="Selenium2Library">
<doc>Takes screenshot of the current page and embeds it into log file.</doc>
<msg timestamp="20190308 09:34:04.845" level="FAIL">NoSuchWindowException: Message: no such window: window was already closed
  (Session info: chrome=72.0.3626.119)
  (Driver info: chromedriver=2.46.628411 (3324f4c8be9ff2f70a05a30ebc72ffb013e1a71e),platform=Mac OS X 10.13.6 x86_64)
</msg>
<status status="FAIL" endtime="20190308 09:34:04.845" starttime="20190308 09:34:04.838"></status>
</kw>
<msg timestamp="20190308 09:34:04.846" level="WARN">Keyword 'Capture Page Screenshot' could not be run on failure: NoSuchWindowException: Message: no such window: window was already closed
  (Session info: chrome=72.0.3626.119)
  (Driver info: chromedriver=2.46.628411 (3324f4c8be9ff2f70a05a30ebc72ffb013e1a71e),platform=Mac OS X 10.13.6 x86_64)
</msg>
<msg timestamp="20190308 09:34:04.847" level="FAIL">NoSuchWindowException: Message: no such window: window was already closed
  (Session info: chrome=72.0.3626.119)
  (Driver info: chromedriver=2.46.628411 (3324f4c8be9ff2f70a05a30ebc72ffb013e1a71e),platform=Mac OS X 10.13.6 x86_64)
</msg>
<status status="FAIL" endtime="20190308 09:34:04.847" starttime="20190308 09:34:04.834"></status>
</kw>
<status status="FAIL" endtime="20190308 09:34:04.847" starttime="20190308 09:34:04.833"></status>
</kw>
<status status="FAIL" endtime="20190308 09:34:04.847" critical="yes" starttime="20190308 09:34:04.833">NoSuchWindowException: Message: no such window: window was already closed
  (Session info: chrome=72.0.3626.119)
  (Driver info: chromedriver=2.46.628411 (3324f4c8be9ff2f70a05a30ebc72ffb013e1a71e),platform=Mac OS X 10.13.6 x86_64)
</status>
</test>
<test id="s1-s2-s1-s4-t8" name="Click button Topup Submit">
<kw name="And Click button single Topup Submit" library="b_partner_data_topup">
<kw name="Click Element" library="Selenium2Library">
<doc>Click element identified by ``locator``.</doc>
<arguments>
<arg>${submit_single}</arg>
</arguments>
<msg timestamp="20190308 09:34:04.849" level="INFO">Clicking element 'css=button.btn:nth-child(1)'.</msg>
<kw name="Capture Page Screenshot" library="Selenium2Library">
<doc>Takes screenshot of the current page and embeds it into log file.</doc>
<msg timestamp="20190308 09:34:04.859" level="FAIL">NoSuchWindowException: Message: no such window: window was already closed
  (Session info: chrome=72.0.3626.119)
  (Driver info: chromedriver=2.46.628411 (3324f4c8be9ff2f70a05a30ebc72ffb013e1a71e),platform=Mac OS X 10.13.6 x86_64)
</msg>
<status status="FAIL" endtime="20190308 09:34:04.859" starttime="20190308 09:34:04.853"></status>
</kw>
<msg timestamp="20190308 09:34:04.859" level="WARN">Keyword 'Capture Page Screenshot' could not be run on failure: NoSuchWindowException: Message: no such window: window was already closed
  (Session info: chrome=72.0.3626.119)
  (Driver info: chromedriver=2.46.628411 (3324f4c8be9ff2f70a05a30ebc72ffb013e1a71e),platform=Mac OS X 10.13.6 x86_64)
</msg>
<msg timestamp="20190308 09:34:04.859" level="FAIL">NoSuchWindowException: Message: no such window: window was already closed
  (Session info: chrome=72.0.3626.119)
  (Driver info: chromedriver=2.46.628411 (3324f4c8be9ff2f70a05a30ebc72ffb013e1a71e),platform=Mac OS X 10.13.6 x86_64)
</msg>
<status status="FAIL" endtime="20190308 09:34:04.859" starttime="20190308 09:34:04.849"></status>
</kw>
<status status="FAIL" endtime="20190308 09:34:04.860" starttime="20190308 09:34:04.848"></status>
</kw>
<status status="FAIL" endtime="20190308 09:34:04.860" critical="yes" starttime="20190308 09:34:04.848">NoSuchWindowException: Message: no such window: window was already closed
  (Session info: chrome=72.0.3626.119)
  (Driver info: chromedriver=2.46.628411 (3324f4c8be9ff2f70a05a30ebc72ffb013e1a71e),platform=Mac OS X 10.13.6 x86_64)
</status>
</test>
<test id="s1-s2-s1-s4-t9" name="Error message Invalid customer number">
<kw name="Then Error message Invalid customer number" library="b_partner_data_topup">
<kw name="Wait Until Element Contains" library="Selenium2Library">
<doc>Waits until element ``locator`` contains ``text``.</doc>
<arguments>
<arg>${error_message}</arg>
<arg>${toast_message_a}</arg>
</arguments>
<kw name="Capture Page Screenshot" library="Selenium2Library">
<doc>Takes screenshot of the current page and embeds it into log file.</doc>
<msg timestamp="20190308 09:34:04.877" level="FAIL">NoSuchWindowException: Message: no such window: window was already closed
  (Session info: chrome=72.0.3626.119)
  (Driver info: chromedriver=2.46.628411 (3324f4c8be9ff2f70a05a30ebc72ffb013e1a71e),platform=Mac OS X 10.13.6 x86_64)
</msg>
<status status="FAIL" endtime="20190308 09:34:04.877" starttime="20190308 09:34:04.870"></status>
</kw>
<msg timestamp="20190308 09:34:04.877" level="WARN">Keyword 'Capture Page Screenshot' could not be run on failure: NoSuchWindowException: Message: no such window: window was already closed
  (Session info: chrome=72.0.3626.119)
  (Driver info: chromedriver=2.46.628411 (3324f4c8be9ff2f70a05a30ebc72ffb013e1a71e),platform=Mac OS X 10.13.6 x86_64)
</msg>
<msg timestamp="20190308 09:34:04.879" level="FAIL">NoSuchWindowException: Message: no such window: window was already closed
  (Session info: chrome=72.0.3626.119)
  (Driver info: chromedriver=2.46.628411 (3324f4c8be9ff2f70a05a30ebc72ffb013e1a71e),platform=Mac OS X 10.13.6 x86_64)
</msg>
<status status="FAIL" endtime="20190308 09:34:04.879" starttime="20190308 09:34:04.861"></status>
</kw>
<status status="FAIL" endtime="20190308 09:34:04.879" starttime="20190308 09:34:04.861"></status>
</kw>
<status status="FAIL" endtime="20190308 09:34:04.880" critical="yes" starttime="20190308 09:34:04.860">NoSuchWindowException: Message: no such window: window was already closed
  (Session info: chrome=72.0.3626.119)
  (Driver info: chromedriver=2.46.628411 (3324f4c8be9ff2f70a05a30ebc72ffb013e1a71e),platform=Mac OS X 10.13.6 x86_64)
</status>
</test>
<status status="FAIL" endtime="20190308 09:34:04.882" starttime="20190308 09:33:38.834"></status>
</suite>
<suite source="/Users/bukalapak/Documents/Kuliah/RF/ROBOT_FRAMEWORK/Phoenix/Tests/Web/b_Home_page/a.topup_single/e.topup_single_invalid_string.robot" id="s1-s2-s1-s5" name="E.Topup Single Invalid String">
<test id="s1-s2-s1-s5-t1" name="Open Elisian page">
<kw name="Given Open Elisian page">
<msg timestamp="20190308 09:34:04.912" level="FAIL">No keyword with name 'Given Open Elisian page' found.</msg>
<status status="FAIL" endtime="20190308 09:34:04.912" starttime="20190308 09:34:04.912"></status>
</kw>
<status status="FAIL" endtime="20190308 09:34:04.913" critical="yes" starttime="20190308 09:34:04.907">No keyword with name 'Given Open Elisian page' found.</status>
</test>
<test id="s1-s2-s1-s5-t2" name="Fill in sign in form With Valid data">
<kw name="Fill in sign in form" library="a_login">
<kw name="Sleep" library="BuiltIn">
<doc>Pauses the test executed for the given time.</doc>
<arguments>
<arg>5s</arg>
</arguments>
<msg timestamp="20190308 09:34:09.920" level="INFO">Slept 5 seconds</msg>
<status status="PASS" endtime="20190308 09:34:09.920" starttime="20190308 09:34:04.917"></status>
</kw>
<kw name="Click Element" library="Selenium2Library">
<doc>Click element identified by ``locator``.</doc>
<arguments>
<arg>${signin_menu}</arg>
</arguments>
<msg timestamp="20190308 09:34:09.921" level="INFO">Clicking element 'css=#header-signin &gt; div:nth-child(2)'.</msg>
<kw name="Capture Page Screenshot" library="Selenium2Library">
<doc>Takes screenshot of the current page and embeds it into log file.</doc>
<msg timestamp="20190308 09:34:09.933" level="FAIL">NoSuchWindowException: Message: no such window: window was already closed
  (Session info: chrome=72.0.3626.119)
  (Driver info: chromedriver=2.46.628411 (3324f4c8be9ff2f70a05a30ebc72ffb013e1a71e),platform=Mac OS X 10.13.6 x86_64)
</msg>
<status status="FAIL" endtime="20190308 09:34:09.933" starttime="20190308 09:34:09.927"></status>
</kw>
<msg timestamp="20190308 09:34:09.933" level="WARN">Keyword 'Capture Page Screenshot' could not be run on failure: NoSuchWindowException: Message: no such window: window was already closed
  (Session info: chrome=72.0.3626.119)
  (Driver info: chromedriver=2.46.628411 (3324f4c8be9ff2f70a05a30ebc72ffb013e1a71e),platform=Mac OS X 10.13.6 x86_64)
</msg>
<msg timestamp="20190308 09:34:09.933" level="FAIL">NoSuchWindowException: Message: no such window: window was already closed
  (Session info: chrome=72.0.3626.119)
  (Driver info: chromedriver=2.46.628411 (3324f4c8be9ff2f70a05a30ebc72ffb013e1a71e),platform=Mac OS X 10.13.6 x86_64)
</msg>
<status status="FAIL" endtime="20190308 09:34:09.933" starttime="20190308 09:34:09.921"></status>
</kw>
<status status="FAIL" endtime="20190308 09:34:09.934" starttime="20190308 09:34:04.914"></status>
</kw>
<status status="FAIL" endtime="20190308 09:34:09.934" critical="yes" starttime="20190308 09:34:04.913">NoSuchWindowException: Message: no such window: window was already closed
  (Session info: chrome=72.0.3626.119)
  (Driver info: chromedriver=2.46.628411 (3324f4c8be9ff2f70a05a30ebc72ffb013e1a71e),platform=Mac OS X 10.13.6 x86_64)
</status>
</test>
<test id="s1-s2-s1-s5-t3" name="Click button Sign In">
<kw name="Click button Sign In" library="a_login">
<kw name="Click Button" library="Selenium2Library">
<doc>Clicks button identified by ``locator``.</doc>
<arguments>
<arg>${button_masuk}</arg>
</arguments>
<msg timestamp="20190308 09:34:09.935" level="INFO">Clicking button 'css=.modal-body &gt; form:nth-child(1) &gt; div:nth-child(3) &gt; button:nth-child(1)'.</msg>
<kw name="Capture Page Screenshot" library="Selenium2Library">
<doc>Takes screenshot of the current page and embeds it into log file.</doc>
<msg timestamp="20190308 09:34:09.948" level="FAIL">NoSuchWindowException: Message: no such window: window was already closed
  (Session info: chrome=72.0.3626.119)
  (Driver info: chromedriver=2.46.628411 (3324f4c8be9ff2f70a05a30ebc72ffb013e1a71e),platform=Mac OS X 10.13.6 x86_64)
</msg>
<status status="FAIL" endtime="20190308 09:34:09.948" starttime="20190308 09:34:09.940"></status>
</kw>
<msg timestamp="20190308 09:34:09.948" level="WARN">Keyword 'Capture Page Screenshot' could not be run on failure: NoSuchWindowException: Message: no such window: window was already closed
  (Session info: chrome=72.0.3626.119)
  (Driver info: chromedriver=2.46.628411 (3324f4c8be9ff2f70a05a30ebc72ffb013e1a71e),platform=Mac OS X 10.13.6 x86_64)
</msg>
<msg timestamp="20190308 09:34:09.948" level="FAIL">NoSuchWindowException: Message: no such window: window was already closed
  (Session info: chrome=72.0.3626.119)
  (Driver info: chromedriver=2.46.628411 (3324f4c8be9ff2f70a05a30ebc72ffb013e1a71e),platform=Mac OS X 10.13.6 x86_64)
</msg>
<status status="FAIL" endtime="20190308 09:34:09.948" starttime="20190308 09:34:09.935"></status>
</kw>
<status status="FAIL" endtime="20190308 09:34:09.948" starttime="20190308 09:34:09.935"></status>
</kw>
<status status="FAIL" endtime="20190308 09:34:09.949" critical="yes" starttime="20190308 09:34:09.934">NoSuchWindowException: Message: no such window: window was already closed
  (Session info: chrome=72.0.3626.119)
  (Driver info: chromedriver=2.46.628411 (3324f4c8be9ff2f70a05a30ebc72ffb013e1a71e),platform=Mac OS X 10.13.6 x86_64)
</status>
</test>
<test id="s1-s2-s1-s5-t4" name="Dashboard page Elisian">
<kw name="Home page" library="a_login">
<kw name="Sleep" library="BuiltIn">
<doc>Pauses the test executed for the given time.</doc>
<arguments>
<arg>10s</arg>
</arguments>
<msg timestamp="20190308 09:34:19.953" level="INFO">Slept 10 seconds</msg>
<status status="PASS" endtime="20190308 09:34:19.953" starttime="20190308 09:34:09.950"></status>
</kw>
<kw name="Wait Until Element Contains" library="Selenium2Library">
<doc>Waits until element ``locator`` contains ``text``.</doc>
<arguments>
<arg>${logo}</arg>
<arg>${text_logo}</arg>
</arguments>
<kw name="Capture Page Screenshot" library="Selenium2Library">
<doc>Takes screenshot of the current page and embeds it into log file.</doc>
<msg timestamp="20190308 09:34:19.966" level="FAIL">NoSuchWindowException: Message: no such window: window was already closed
  (Session info: chrome=72.0.3626.119)
  (Driver info: chromedriver=2.46.628411 (3324f4c8be9ff2f70a05a30ebc72ffb013e1a71e),platform=Mac OS X 10.13.6 x86_64)
</msg>
<status status="FAIL" endtime="20190308 09:34:19.966" starttime="20190308 09:34:19.960"></status>
</kw>
<msg timestamp="20190308 09:34:19.966" level="WARN">Keyword 'Capture Page Screenshot' could not be run on failure: NoSuchWindowException: Message: no such window: window was already closed
  (Session info: chrome=72.0.3626.119)
  (Driver info: chromedriver=2.46.628411 (3324f4c8be9ff2f70a05a30ebc72ffb013e1a71e),platform=Mac OS X 10.13.6 x86_64)
</msg>
<msg timestamp="20190308 09:34:19.966" level="FAIL">NoSuchWindowException: Message: no such window: window was already closed
  (Session info: chrome=72.0.3626.119)
  (Driver info: chromedriver=2.46.628411 (3324f4c8be9ff2f70a05a30ebc72ffb013e1a71e),platform=Mac OS X 10.13.6 x86_64)
</msg>
<status status="FAIL" endtime="20190308 09:34:19.967" starttime="20190308 09:34:19.954"></status>
</kw>
<status status="FAIL" endtime="20190308 09:34:19.967" starttime="20190308 09:34:09.950"></status>
</kw>
<status status="FAIL" endtime="20190308 09:34:19.967" critical="yes" starttime="20190308 09:34:09.949">NoSuchWindowException: Message: no such window: window was already closed
  (Session info: chrome=72.0.3626.119)
  (Driver info: chromedriver=2.46.628411 (3324f4c8be9ff2f70a05a30ebc72ffb013e1a71e),platform=Mac OS X 10.13.6 x86_64)
</status>
</test>
<test id="s1-s2-s1-s5-t5" name="Choose Topup menu on Partner data">
<kw name="When Choose Topup menu on Partner Data" library="b_partner_data_topup">
<kw name="Sleep" library="BuiltIn">
<doc>Pauses the test executed for the given time.</doc>
<arguments>
<arg>3s</arg>
</arguments>
<msg timestamp="20190308 09:34:22.969" level="INFO">Slept 3 seconds</msg>
<status status="PASS" endtime="20190308 09:34:22.969" starttime="20190308 09:34:19.968"></status>
</kw>
<kw name="Click Element" library="Selenium2Library">
<doc>Click element identified by ``locator``.</doc>
<arguments>
<arg>${menu_partner}</arg>
</arguments>
<msg timestamp="20190308 09:34:22.970" level="INFO">Clicking element 'css=.m-menu__item--submenu:nth-child(2)'.</msg>
<kw name="Capture Page Screenshot" library="Selenium2Library">
<doc>Takes screenshot of the current page and embeds it into log file.</doc>
<msg timestamp="20190308 09:34:22.982" level="FAIL">NoSuchWindowException: Message: no such window: window was already closed
  (Session info: chrome=72.0.3626.119)
  (Driver info: chromedriver=2.46.628411 (3324f4c8be9ff2f70a05a30ebc72ffb013e1a71e),platform=Mac OS X 10.13.6 x86_64)
</msg>
<status status="FAIL" endtime="20190308 09:34:22.982" starttime="20190308 09:34:22.976"></status>
</kw>
<msg timestamp="20190308 09:34:22.982" level="WARN">Keyword 'Capture Page Screenshot' could not be run on failure: NoSuchWindowException: Message: no such window: window was already closed
  (Session info: chrome=72.0.3626.119)
  (Driver info: chromedriver=2.46.628411 (3324f4c8be9ff2f70a05a30ebc72ffb013e1a71e),platform=Mac OS X 10.13.6 x86_64)
</msg>
<msg timestamp="20190308 09:34:22.982" level="FAIL">NoSuchWindowException: Message: no such window: window was already closed
  (Session info: chrome=72.0.3626.119)
  (Driver info: chromedriver=2.46.628411 (3324f4c8be9ff2f70a05a30ebc72ffb013e1a71e),platform=Mac OS X 10.13.6 x86_64)
</msg>
<status status="FAIL" endtime="20190308 09:34:22.983" starttime="20190308 09:34:22.970"></status>
</kw>
<status status="FAIL" endtime="20190308 09:34:22.983" starttime="20190308 09:34:19.968"></status>
</kw>
<status status="FAIL" endtime="20190308 09:34:22.983" critical="yes" starttime="20190308 09:34:19.967">NoSuchWindowException: Message: no such window: window was already closed
  (Session info: chrome=72.0.3626.119)
  (Driver info: chromedriver=2.46.628411 (3324f4c8be9ff2f70a05a30ebc72ffb013e1a71e),platform=Mac OS X 10.13.6 x86_64)
</status>
</test>
<test id="s1-s2-s1-s5-t6" name="Choose Add Single data topup">
<kw name="And Choose Add Single data topup" library="b_partner_data_topup">
<kw name="Sleep" library="BuiltIn">
<doc>Pauses the test executed for the given time.</doc>
<arguments>
<arg>3s</arg>
</arguments>
<msg timestamp="20190308 09:34:25.985" level="INFO">Slept 3 seconds</msg>
<status status="PASS" endtime="20190308 09:34:25.985" starttime="20190308 09:34:22.984"></status>
</kw>
<kw name="Click Element" library="Selenium2Library">
<doc>Click element identified by ``locator``.</doc>
<arguments>
<arg>${menu_single_topup}</arg>
</arguments>
<msg timestamp="20190308 09:34:25.986" level="INFO">Clicking element 'css=a.btn:nth-child(1)'.</msg>
<kw name="Capture Page Screenshot" library="Selenium2Library">
<doc>Takes screenshot of the current page and embeds it into log file.</doc>
<msg timestamp="20190308 09:34:25.997" level="FAIL">NoSuchWindowException: Message: no such window: window was already closed
  (Session info: chrome=72.0.3626.119)
  (Driver info: chromedriver=2.46.628411 (3324f4c8be9ff2f70a05a30ebc72ffb013e1a71e),platform=Mac OS X 10.13.6 x86_64)
</msg>
<status status="FAIL" endtime="20190308 09:34:25.997" starttime="20190308 09:34:25.991"></status>
</kw>
<msg timestamp="20190308 09:34:25.997" level="WARN">Keyword 'Capture Page Screenshot' could not be run on failure: NoSuchWindowException: Message: no such window: window was already closed
  (Session info: chrome=72.0.3626.119)
  (Driver info: chromedriver=2.46.628411 (3324f4c8be9ff2f70a05a30ebc72ffb013e1a71e),platform=Mac OS X 10.13.6 x86_64)
</msg>
<msg timestamp="20190308 09:34:25.998" level="FAIL">NoSuchWindowException: Message: no such window: window was already closed
  (Session info: chrome=72.0.3626.119)
  (Driver info: chromedriver=2.46.628411 (3324f4c8be9ff2f70a05a30ebc72ffb013e1a71e),platform=Mac OS X 10.13.6 x86_64)
</msg>
<status status="FAIL" endtime="20190308 09:34:25.998" starttime="20190308 09:34:25.985"></status>
</kw>
<status status="FAIL" endtime="20190308 09:34:25.998" starttime="20190308 09:34:22.984"></status>
</kw>
<status status="FAIL" endtime="20190308 09:34:25.998" critical="yes" starttime="20190308 09:34:22.983">NoSuchWindowException: Message: no such window: window was already closed
  (Session info: chrome=72.0.3626.119)
  (Driver info: chromedriver=2.46.628411 (3324f4c8be9ff2f70a05a30ebc72ffb013e1a71e),platform=Mac OS X 10.13.6 x86_64)
</status>
</test>
<test id="s1-s2-s1-s5-t7" name="Fill in Single Topup form data">
<kw name="And Fill in Single Topup form Invalid String" library="b_partner_data_topup">
<kw name="Click Element" library="Selenium2Library">
<doc>Click element identified by ``locator``.</doc>
<arguments>
<arg>${customer_number}</arg>
</arguments>
<msg timestamp="20190308 09:34:26.000" level="INFO">Clicking element 'css=div.col-md-12:nth-child(1) &gt; input:nth-child(2)'.</msg>
<kw name="Capture Page Screenshot" library="Selenium2Library">
<doc>Takes screenshot of the current page and embeds it into log file.</doc>
<msg timestamp="20190308 09:34:26.012" level="FAIL">NoSuchWindowException: Message: no such window: window was already closed
  (Session info: chrome=72.0.3626.119)
  (Driver info: chromedriver=2.46.628411 (3324f4c8be9ff2f70a05a30ebc72ffb013e1a71e),platform=Mac OS X 10.13.6 x86_64)
</msg>
<status status="FAIL" endtime="20190308 09:34:26.012" starttime="20190308 09:34:26.007"></status>
</kw>
<msg timestamp="20190308 09:34:26.012" level="WARN">Keyword 'Capture Page Screenshot' could not be run on failure: NoSuchWindowException: Message: no such window: window was already closed
  (Session info: chrome=72.0.3626.119)
  (Driver info: chromedriver=2.46.628411 (3324f4c8be9ff2f70a05a30ebc72ffb013e1a71e),platform=Mac OS X 10.13.6 x86_64)
</msg>
<msg timestamp="20190308 09:34:26.012" level="FAIL">NoSuchWindowException: Message: no such window: window was already closed
  (Session info: chrome=72.0.3626.119)
  (Driver info: chromedriver=2.46.628411 (3324f4c8be9ff2f70a05a30ebc72ffb013e1a71e),platform=Mac OS X 10.13.6 x86_64)
</msg>
<status status="FAIL" endtime="20190308 09:34:26.012" starttime="20190308 09:34:26.000"></status>
</kw>
<status status="FAIL" endtime="20190308 09:34:26.013" starttime="20190308 09:34:25.999"></status>
</kw>
<status status="FAIL" endtime="20190308 09:34:26.013" critical="yes" starttime="20190308 09:34:25.999">NoSuchWindowException: Message: no such window: window was already closed
  (Session info: chrome=72.0.3626.119)
  (Driver info: chromedriver=2.46.628411 (3324f4c8be9ff2f70a05a30ebc72ffb013e1a71e),platform=Mac OS X 10.13.6 x86_64)
</status>
</test>
<test id="s1-s2-s1-s5-t8" name="Click button Topup Submit">
<kw name="And Click button single Topup Submit" library="b_partner_data_topup">
<kw name="Click Element" library="Selenium2Library">
<doc>Click element identified by ``locator``.</doc>
<arguments>
<arg>${submit_single}</arg>
</arguments>
<msg timestamp="20190308 09:34:26.014" level="INFO">Clicking element 'css=button.btn:nth-child(1)'.</msg>
<kw name="Capture Page Screenshot" library="Selenium2Library">
<doc>Takes screenshot of the current page and embeds it into log file.</doc>
<msg timestamp="20190308 09:34:26.028" level="FAIL">NoSuchWindowException: Message: no such window: window was already closed
  (Session info: chrome=72.0.3626.119)
  (Driver info: chromedriver=2.46.628411 (3324f4c8be9ff2f70a05a30ebc72ffb013e1a71e),platform=Mac OS X 10.13.6 x86_64)
</msg>
<status status="FAIL" endtime="20190308 09:34:26.028" starttime="20190308 09:34:26.019"></status>
</kw>
<msg timestamp="20190308 09:34:26.028" level="WARN">Keyword 'Capture Page Screenshot' could not be run on failure: NoSuchWindowException: Message: no such window: window was already closed
  (Session info: chrome=72.0.3626.119)
  (Driver info: chromedriver=2.46.628411 (3324f4c8be9ff2f70a05a30ebc72ffb013e1a71e),platform=Mac OS X 10.13.6 x86_64)
</msg>
<msg timestamp="20190308 09:34:26.033" level="FAIL">NoSuchWindowException: Message: no such window: window was already closed
  (Session info: chrome=72.0.3626.119)
  (Driver info: chromedriver=2.46.628411 (3324f4c8be9ff2f70a05a30ebc72ffb013e1a71e),platform=Mac OS X 10.13.6 x86_64)
</msg>
<status status="FAIL" endtime="20190308 09:34:26.034" starttime="20190308 09:34:26.014"></status>
</kw>
<status status="FAIL" endtime="20190308 09:34:26.034" starttime="20190308 09:34:26.014"></status>
</kw>
<status status="FAIL" endtime="20190308 09:34:26.035" critical="yes" starttime="20190308 09:34:26.013">NoSuchWindowException: Message: no such window: window was already closed
  (Session info: chrome=72.0.3626.119)
  (Driver info: chromedriver=2.46.628411 (3324f4c8be9ff2f70a05a30ebc72ffb013e1a71e),platform=Mac OS X 10.13.6 x86_64)
</status>
</test>
<test id="s1-s2-s1-s5-t9" name="Error message Invalid customer number">
<kw name="Then Error message Invalid customer number" library="b_partner_data_topup">
<kw name="Wait Until Element Contains" library="Selenium2Library">
<doc>Waits until element ``locator`` contains ``text``.</doc>
<arguments>
<arg>${error_message}</arg>
<arg>${toast_message_a}</arg>
</arguments>
<kw name="Capture Page Screenshot" library="Selenium2Library">
<doc>Takes screenshot of the current page and embeds it into log file.</doc>
<msg timestamp="20190308 09:34:26.049" level="FAIL">NoSuchWindowException: Message: no such window: window was already closed
  (Session info: chrome=72.0.3626.119)
  (Driver info: chromedriver=2.46.628411 (3324f4c8be9ff2f70a05a30ebc72ffb013e1a71e),platform=Mac OS X 10.13.6 x86_64)
</msg>
<status status="FAIL" endtime="20190308 09:34:26.050" starttime="20190308 09:34:26.042"></status>
</kw>
<msg timestamp="20190308 09:34:26.050" level="WARN">Keyword 'Capture Page Screenshot' could not be run on failure: NoSuchWindowException: Message: no such window: window was already closed
  (Session info: chrome=72.0.3626.119)
  (Driver info: chromedriver=2.46.628411 (3324f4c8be9ff2f70a05a30ebc72ffb013e1a71e),platform=Mac OS X 10.13.6 x86_64)
</msg>
<msg timestamp="20190308 09:34:26.050" level="FAIL">NoSuchWindowException: Message: no such window: window was already closed
  (Session info: chrome=72.0.3626.119)
  (Driver info: chromedriver=2.46.628411 (3324f4c8be9ff2f70a05a30ebc72ffb013e1a71e),platform=Mac OS X 10.13.6 x86_64)
</msg>
<status status="FAIL" endtime="20190308 09:34:26.051" starttime="20190308 09:34:26.037"></status>
</kw>
<status status="FAIL" endtime="20190308 09:34:26.051" starttime="20190308 09:34:26.036"></status>
</kw>
<status status="FAIL" endtime="20190308 09:34:26.052" critical="yes" starttime="20190308 09:34:26.035">NoSuchWindowException: Message: no such window: window was already closed
  (Session info: chrome=72.0.3626.119)
  (Driver info: chromedriver=2.46.628411 (3324f4c8be9ff2f70a05a30ebc72ffb013e1a71e),platform=Mac OS X 10.13.6 x86_64)
</status>
</test>
<status status="FAIL" endtime="20190308 09:34:26.059" starttime="20190308 09:34:04.886"></status>
</suite>
<suite source="/Users/bukalapak/Documents/Kuliah/RF/ROBOT_FRAMEWORK/Phoenix/Tests/Web/b_Home_page/a.topup_single/test_database.robot" id="s1-s2-s1-s6" name="Test Database">
<test id="s1-s2-s1-s6-t1" name="Test Select">
<kw name="Test Select" library="database_elisian">
<kw name="Connect To Database" library="DatabaseLibrary">
<doc>Loads the DB API 2.0 module given `dbapiModuleName` then uses it to
connect to the database using `dbName`, `dbUsername`, and `dbPassword`.</doc>
<arguments>
<arg>psycopg2</arg>
<arg>${DBName}</arg>
<arg>${DBUser}</arg>
<arg>${DBpass}</arg>
<arg>${DBHost}</arg>
<arg>${DBPort}</arg>
</arguments>
<msg timestamp="20190308 09:34:26.119" level="FAIL">ImportError: No module named psycopg2</msg>
<status status="FAIL" endtime="20190308 09:34:26.119" starttime="20190308 09:34:26.113"></status>
</kw>
<status status="FAIL" endtime="20190308 09:34:26.119" starttime="20190308 09:34:26.112"></status>
</kw>
<status status="FAIL" endtime="20190308 09:34:26.119" critical="yes" starttime="20190308 09:34:26.111">ImportError: No module named psycopg2</status>
</test>
<status status="FAIL" endtime="20190308 09:34:26.120" starttime="20190308 09:34:26.063"></status>
</suite>
<status status="FAIL" endtime="20190308 09:34:26.130" starttime="20190308 09:31:03.199"></status>
</suite>
<suite source="/Users/bukalapak/Documents/Kuliah/RF/ROBOT_FRAMEWORK/Phoenix/Tests/Web/b_Home_page/b.topup_bulk" id="s1-s2-s2" name="B.Topup Bulk">
<suite source="/Users/bukalapak/Documents/Kuliah/RF/ROBOT_FRAMEWORK/Phoenix/Tests/Web/b_Home_page/b.topup_bulk/a.topup_bulk_valid.robot" id="s1-s2-s2-s1" name="A.Topup Bulk Valid">
<test id="s1-s2-s2-s1-t1" name="Open Elisian page">
<kw name="Given Open Elisian page">
<msg timestamp="20190308 09:34:26.163" level="FAIL">No keyword with name 'Given Open Elisian page' found.</msg>
<status status="FAIL" endtime="20190308 09:34:26.163" starttime="20190308 09:34:26.163"></status>
</kw>
<status status="FAIL" endtime="20190308 09:34:26.163" critical="yes" starttime="20190308 09:34:26.157">No keyword with name 'Given Open Elisian page' found.</status>
</test>
<test id="s1-s2-s2-s1-t2" name="Fill in sign in form With Valid data">
<kw name="Fill in sign in form" library="a_login">
<kw name="Sleep" library="BuiltIn">
<doc>Pauses the test executed for the given time.</doc>
<arguments>
<arg>5s</arg>
</arguments>
<msg timestamp="20190308 09:34:31.167" level="INFO">Slept 5 seconds</msg>
<status status="PASS" endtime="20190308 09:34:31.168" starttime="20190308 09:34:26.165"></status>
</kw>
<kw name="Click Element" library="Selenium2Library">
<doc>Click element identified by ``locator``.</doc>
<arguments>
<arg>${signin_menu}</arg>
</arguments>
<msg timestamp="20190308 09:34:31.168" level="INFO">Clicking element 'css=#header-signin &gt; div:nth-child(2)'.</msg>
<kw name="Capture Page Screenshot" library="Selenium2Library">
<doc>Takes screenshot of the current page and embeds it into log file.</doc>
<msg timestamp="20190308 09:34:31.180" level="FAIL">NoSuchWindowException: Message: no such window: window was already closed
  (Session info: chrome=72.0.3626.119)
  (Driver info: chromedriver=2.46.628411 (3324f4c8be9ff2f70a05a30ebc72ffb013e1a71e),platform=Mac OS X 10.13.6 x86_64)
</msg>
<status status="FAIL" endtime="20190308 09:34:31.180" starttime="20190308 09:34:31.174"></status>
</kw>
<msg timestamp="20190308 09:34:31.180" level="WARN">Keyword 'Capture Page Screenshot' could not be run on failure: NoSuchWindowException: Message: no such window: window was already closed
  (Session info: chrome=72.0.3626.119)
  (Driver info: chromedriver=2.46.628411 (3324f4c8be9ff2f70a05a30ebc72ffb013e1a71e),platform=Mac OS X 10.13.6 x86_64)
</msg>
<msg timestamp="20190308 09:34:31.181" level="FAIL">NoSuchWindowException: Message: no such window: window was already closed
  (Session info: chrome=72.0.3626.119)
  (Driver info: chromedriver=2.46.628411 (3324f4c8be9ff2f70a05a30ebc72ffb013e1a71e),platform=Mac OS X 10.13.6 x86_64)
</msg>
<status status="FAIL" endtime="20190308 09:34:31.181" starttime="20190308 09:34:31.168"></status>
</kw>
<status status="FAIL" endtime="20190308 09:34:31.181" starttime="20190308 09:34:26.165"></status>
</kw>
<status status="FAIL" endtime="20190308 09:34:31.181" critical="yes" starttime="20190308 09:34:26.164">NoSuchWindowException: Message: no such window: window was already closed
  (Session info: chrome=72.0.3626.119)
  (Driver info: chromedriver=2.46.628411 (3324f4c8be9ff2f70a05a30ebc72ffb013e1a71e),platform=Mac OS X 10.13.6 x86_64)
</status>
</test>
<test id="s1-s2-s2-s1-t3" name="Click button Sign In">
<kw name="Click button Sign In" library="a_login">
<kw name="Click Button" library="Selenium2Library">
<doc>Clicks button identified by ``locator``.</doc>
<arguments>
<arg>${button_masuk}</arg>
</arguments>
<msg timestamp="20190308 09:34:31.183" level="INFO">Clicking button 'css=.modal-body &gt; form:nth-child(1) &gt; div:nth-child(3) &gt; button:nth-child(1)'.</msg>
<kw name="Capture Page Screenshot" library="Selenium2Library">
<doc>Takes screenshot of the current page and embeds it into log file.</doc>
<msg timestamp="20190308 09:34:31.194" level="FAIL">NoSuchWindowException: Message: no such window: window was already closed
  (Session info: chrome=72.0.3626.119)
  (Driver info: chromedriver=2.46.628411 (3324f4c8be9ff2f70a05a30ebc72ffb013e1a71e),platform=Mac OS X 10.13.6 x86_64)
</msg>
<status status="FAIL" endtime="20190308 09:34:31.194" starttime="20190308 09:34:31.187"></status>
</kw>
<msg timestamp="20190308 09:34:31.195" level="WARN">Keyword 'Capture Page Screenshot' could not be run on failure: NoSuchWindowException: Message: no such window: window was already closed
  (Session info: chrome=72.0.3626.119)
  (Driver info: chromedriver=2.46.628411 (3324f4c8be9ff2f70a05a30ebc72ffb013e1a71e),platform=Mac OS X 10.13.6 x86_64)
</msg>
<msg timestamp="20190308 09:34:31.195" level="FAIL">NoSuchWindowException: Message: no such window: window was already closed
  (Session info: chrome=72.0.3626.119)
  (Driver info: chromedriver=2.46.628411 (3324f4c8be9ff2f70a05a30ebc72ffb013e1a71e),platform=Mac OS X 10.13.6 x86_64)
</msg>
<status status="FAIL" endtime="20190308 09:34:31.195" starttime="20190308 09:34:31.182"></status>
</kw>
<status status="FAIL" endtime="20190308 09:34:31.196" starttime="20190308 09:34:31.182"></status>
</kw>
<status status="FAIL" endtime="20190308 09:34:31.196" critical="yes" starttime="20190308 09:34:31.182">NoSuchWindowException: Message: no such window: window was already closed
  (Session info: chrome=72.0.3626.119)
  (Driver info: chromedriver=2.46.628411 (3324f4c8be9ff2f70a05a30ebc72ffb013e1a71e),platform=Mac OS X 10.13.6 x86_64)
</status>
</test>
<test id="s1-s2-s2-s1-t4" name="Dashboard page Elisian">
<kw name="Home page" library="a_login">
<kw name="Sleep" library="BuiltIn">
<doc>Pauses the test executed for the given time.</doc>
<arguments>
<arg>10s</arg>
</arguments>
<msg timestamp="20190308 09:34:41.199" level="INFO">Slept 10 seconds</msg>
<status status="PASS" endtime="20190308 09:34:41.200" starttime="20190308 09:34:31.198"></status>
</kw>
<kw name="Wait Until Element Contains" library="Selenium2Library">
<doc>Waits until element ``locator`` contains ``text``.</doc>
<arguments>
<arg>${logo}</arg>
<arg>${text_logo}</arg>
</arguments>
<kw name="Capture Page Screenshot" library="Selenium2Library">
<doc>Takes screenshot of the current page and embeds it into log file.</doc>
<msg timestamp="20190308 09:34:41.212" level="FAIL">NoSuchWindowException: Message: no such window: window was already closed
  (Session info: chrome=72.0.3626.119)
  (Driver info: chromedriver=2.46.628411 (3324f4c8be9ff2f70a05a30ebc72ffb013e1a71e),platform=Mac OS X 10.13.6 x86_64)
</msg>
<status status="FAIL" endtime="20190308 09:34:41.212" starttime="20190308 09:34:41.206"></status>
</kw>
<msg timestamp="20190308 09:34:41.212" level="WARN">Keyword 'Capture Page Screenshot' could not be run on failure: NoSuchWindowException: Message: no such window: window was already closed
  (Session info: chrome=72.0.3626.119)
  (Driver info: chromedriver=2.46.628411 (3324f4c8be9ff2f70a05a30ebc72ffb013e1a71e),platform=Mac OS X 10.13.6 x86_64)
</msg>
<msg timestamp="20190308 09:34:41.212" level="FAIL">NoSuchWindowException: Message: no such window: window was already closed
  (Session info: chrome=72.0.3626.119)
  (Driver info: chromedriver=2.46.628411 (3324f4c8be9ff2f70a05a30ebc72ffb013e1a71e),platform=Mac OS X 10.13.6 x86_64)
</msg>
<status status="FAIL" endtime="20190308 09:34:41.213" starttime="20190308 09:34:41.200"></status>
</kw>
<status status="FAIL" endtime="20190308 09:34:41.213" starttime="20190308 09:34:31.198"></status>
</kw>
<status status="FAIL" endtime="20190308 09:34:41.213" critical="yes" starttime="20190308 09:34:31.197">NoSuchWindowException: Message: no such window: window was already closed
  (Session info: chrome=72.0.3626.119)
  (Driver info: chromedriver=2.46.628411 (3324f4c8be9ff2f70a05a30ebc72ffb013e1a71e),platform=Mac OS X 10.13.6 x86_64)
</status>
</test>
<test id="s1-s2-s2-s1-t5" name="Choose Topup menu on Partner data">
<kw name="When Choose Topup menu on Partner Data" library="b_partner_data_topup">
<kw name="Sleep" library="BuiltIn">
<doc>Pauses the test executed for the given time.</doc>
<arguments>
<arg>3s</arg>
</arguments>
<msg timestamp="20190308 09:34:44.215" level="INFO">Slept 3 seconds</msg>
<status status="PASS" endtime="20190308 09:34:44.216" starttime="20190308 09:34:41.214"></status>
</kw>
<kw name="Click Element" library="Selenium2Library">
<doc>Click element identified by ``locator``.</doc>
<arguments>
<arg>${menu_partner}</arg>
</arguments>
<msg timestamp="20190308 09:34:44.216" level="INFO">Clicking element 'css=.m-menu__item--submenu:nth-child(2)'.</msg>
<kw name="Capture Page Screenshot" library="Selenium2Library">
<doc>Takes screenshot of the current page and embeds it into log file.</doc>
<msg timestamp="20190308 09:34:44.228" level="FAIL">NoSuchWindowException: Message: no such window: window was already closed
  (Session info: chrome=72.0.3626.119)
  (Driver info: chromedriver=2.46.628411 (3324f4c8be9ff2f70a05a30ebc72ffb013e1a71e),platform=Mac OS X 10.13.6 x86_64)
</msg>
<status status="FAIL" endtime="20190308 09:34:44.228" starttime="20190308 09:34:44.222"></status>
</kw>
<msg timestamp="20190308 09:34:44.228" level="WARN">Keyword 'Capture Page Screenshot' could not be run on failure: NoSuchWindowException: Message: no such window: window was already closed
  (Session info: chrome=72.0.3626.119)
  (Driver info: chromedriver=2.46.628411 (3324f4c8be9ff2f70a05a30ebc72ffb013e1a71e),platform=Mac OS X 10.13.6 x86_64)
</msg>
<msg timestamp="20190308 09:34:44.229" level="FAIL">NoSuchWindowException: Message: no such window: window was already closed
  (Session info: chrome=72.0.3626.119)
  (Driver info: chromedriver=2.46.628411 (3324f4c8be9ff2f70a05a30ebc72ffb013e1a71e),platform=Mac OS X 10.13.6 x86_64)
</msg>
<status status="FAIL" endtime="20190308 09:34:44.229" starttime="20190308 09:34:44.216"></status>
</kw>
<status status="FAIL" endtime="20190308 09:34:44.229" starttime="20190308 09:34:41.214"></status>
</kw>
<status status="FAIL" endtime="20190308 09:34:44.230" critical="yes" starttime="20190308 09:34:41.213">NoSuchWindowException: Message: no such window: window was already closed
  (Session info: chrome=72.0.3626.119)
  (Driver info: chromedriver=2.46.628411 (3324f4c8be9ff2f70a05a30ebc72ffb013e1a71e),platform=Mac OS X 10.13.6 x86_64)
</status>
</test>
<test id="s1-s2-s2-s1-t6" name="Choose Add bulk data topup">
<kw name="And Choose Add bulk data topup" library="b_partner_data_topup">
<kw name="Sleep" library="BuiltIn">
<doc>Pauses the test executed for the given time.</doc>
<arguments>
<arg>3s</arg>
</arguments>
<msg timestamp="20190308 09:34:47.231" level="INFO">Slept 3 seconds</msg>
<status status="PASS" endtime="20190308 09:34:47.232" starttime="20190308 09:34:44.231"></status>
</kw>
<kw name="Click Element" library="Selenium2Library">
<doc>Click element identified by ``locator``.</doc>
<arguments>
<arg>${menu_bulk_topup}</arg>
</arguments>
<msg timestamp="20190308 09:34:47.232" level="INFO">Clicking element 'css=a.btn:nth-child(2)'.</msg>
<kw name="Capture Page Screenshot" library="Selenium2Library">
<doc>Takes screenshot of the current page and embeds it into log file.</doc>
<msg timestamp="20190308 09:34:47.244" level="FAIL">NoSuchWindowException: Message: no such window: window was already closed
  (Session info: chrome=72.0.3626.119)
  (Driver info: chromedriver=2.46.628411 (3324f4c8be9ff2f70a05a30ebc72ffb013e1a71e),platform=Mac OS X 10.13.6 x86_64)
</msg>
<status status="FAIL" endtime="20190308 09:34:47.244" starttime="20190308 09:34:47.238"></status>
</kw>
<msg timestamp="20190308 09:34:47.244" level="WARN">Keyword 'Capture Page Screenshot' could not be run on failure: NoSuchWindowException: Message: no such window: window was already closed
  (Session info: chrome=72.0.3626.119)
  (Driver info: chromedriver=2.46.628411 (3324f4c8be9ff2f70a05a30ebc72ffb013e1a71e),platform=Mac OS X 10.13.6 x86_64)
</msg>
<msg timestamp="20190308 09:34:47.245" level="FAIL">NoSuchWindowException: Message: no such window: window was already closed
  (Session info: chrome=72.0.3626.119)
  (Driver info: chromedriver=2.46.628411 (3324f4c8be9ff2f70a05a30ebc72ffb013e1a71e),platform=Mac OS X 10.13.6 x86_64)
</msg>
<status status="FAIL" endtime="20190308 09:34:47.245" starttime="20190308 09:34:47.232"></status>
</kw>
<status status="FAIL" endtime="20190308 09:34:47.245" starttime="20190308 09:34:44.231"></status>
</kw>
<status status="FAIL" endtime="20190308 09:34:47.245" critical="yes" starttime="20190308 09:34:44.230">NoSuchWindowException: Message: no such window: window was already closed
  (Session info: chrome=72.0.3626.119)
  (Driver info: chromedriver=2.46.628411 (3324f4c8be9ff2f70a05a30ebc72ffb013e1a71e),platform=Mac OS X 10.13.6 x86_64)
</status>
</test>
<test id="s1-s2-s2-s1-t7" name="Fill in bulk Topup form data">
<kw name="And Fill in Bulk Topup form Valid" library="b_partner_data_topup">
<kw name="Click Element" library="Selenium2Library">
<doc>Click element identified by ``locator``.</doc>
<arguments>
<arg>${path_file_bulk}</arg>
</arguments>
<msg timestamp="20190308 09:34:47.247" level="INFO">Clicking element 'xpath=//*[@id="bulk_file"]'.</msg>
<kw name="Capture Page Screenshot" library="Selenium2Library">
<doc>Takes screenshot of the current page and embeds it into log file.</doc>
<msg timestamp="20190308 09:34:47.259" level="FAIL">NoSuchWindowException: Message: no such window: window was already closed
  (Session info: chrome=72.0.3626.119)
  (Driver info: chromedriver=2.46.628411 (3324f4c8be9ff2f70a05a30ebc72ffb013e1a71e),platform=Mac OS X 10.13.6 x86_64)
</msg>
<status status="FAIL" endtime="20190308 09:34:47.259" starttime="20190308 09:34:47.253"></status>
</kw>
<msg timestamp="20190308 09:34:47.259" level="WARN">Keyword 'Capture Page Screenshot' could not be run on failure: NoSuchWindowException: Message: no such window: window was already closed
  (Session info: chrome=72.0.3626.119)
  (Driver info: chromedriver=2.46.628411 (3324f4c8be9ff2f70a05a30ebc72ffb013e1a71e),platform=Mac OS X 10.13.6 x86_64)
</msg>
<msg timestamp="20190308 09:34:47.260" level="FAIL">NoSuchWindowException: Message: no such window: window was already closed
  (Session info: chrome=72.0.3626.119)
  (Driver info: chromedriver=2.46.628411 (3324f4c8be9ff2f70a05a30ebc72ffb013e1a71e),platform=Mac OS X 10.13.6 x86_64)
</msg>
<status status="FAIL" endtime="20190308 09:34:47.260" starttime="20190308 09:34:47.247"></status>
</kw>
<status status="FAIL" endtime="20190308 09:34:47.260" starttime="20190308 09:34:47.246"></status>
</kw>
<status status="FAIL" endtime="20190308 09:34:47.261" critical="yes" starttime="20190308 09:34:47.246">NoSuchWindowException: Message: no such window: window was already closed
  (Session info: chrome=72.0.3626.119)
  (Driver info: chromedriver=2.46.628411 (3324f4c8be9ff2f70a05a30ebc72ffb013e1a71e),platform=Mac OS X 10.13.6 x86_64)
</status>
</test>
<test id="s1-s2-s2-s1-t8" name="Click button bulk Topup Submit">
<kw name="Then Click button bulk Topup Submit" library="b_partner_data_topup">
<kw name="Sleep" library="BuiltIn">
<doc>Pauses the test executed for the given time.</doc>
<arguments>
<arg>5s</arg>
</arguments>
<msg timestamp="20190308 09:34:52.263" level="INFO">Slept 5 seconds</msg>
<status status="PASS" endtime="20190308 09:34:52.263" starttime="20190308 09:34:47.262"></status>
</kw>
<kw name="Click Element" library="Selenium2Library">
<doc>Click element identified by ``locator``.</doc>
<arguments>
<arg>${submit_bulk}</arg>
</arguments>
<msg timestamp="20190308 09:34:52.263" level="INFO">Clicking element 'id=button-submit'.</msg>
<kw name="Capture Page Screenshot" library="Selenium2Library">
<doc>Takes screenshot of the current page and embeds it into log file.</doc>
<msg timestamp="20190308 09:34:52.275" level="FAIL">NoSuchWindowException: Message: no such window: window was already closed
  (Session info: chrome=72.0.3626.119)
  (Driver info: chromedriver=2.46.628411 (3324f4c8be9ff2f70a05a30ebc72ffb013e1a71e),platform=Mac OS X 10.13.6 x86_64)
</msg>
<status status="FAIL" endtime="20190308 09:34:52.275" starttime="20190308 09:34:52.269"></status>
</kw>
<msg timestamp="20190308 09:34:52.275" level="WARN">Keyword 'Capture Page Screenshot' could not be run on failure: NoSuchWindowException: Message: no such window: window was already closed
  (Session info: chrome=72.0.3626.119)
  (Driver info: chromedriver=2.46.628411 (3324f4c8be9ff2f70a05a30ebc72ffb013e1a71e),platform=Mac OS X 10.13.6 x86_64)
</msg>
<msg timestamp="20190308 09:34:52.275" level="FAIL">NoSuchWindowException: Message: no such window: window was already closed
  (Session info: chrome=72.0.3626.119)
  (Driver info: chromedriver=2.46.628411 (3324f4c8be9ff2f70a05a30ebc72ffb013e1a71e),platform=Mac OS X 10.13.6 x86_64)
</msg>
<status status="FAIL" endtime="20190308 09:34:52.275" starttime="20190308 09:34:52.263"></status>
</kw>
<status status="FAIL" endtime="20190308 09:34:52.276" starttime="20190308 09:34:47.261"></status>
</kw>
<status status="FAIL" endtime="20190308 09:34:52.276" critical="yes" starttime="20190308 09:34:47.261">NoSuchWindowException: Message: no such window: window was already closed
  (Session info: chrome=72.0.3626.119)
  (Driver info: chromedriver=2.46.628411 (3324f4c8be9ff2f70a05a30ebc72ffb013e1a71e),platform=Mac OS X 10.13.6 x86_64)
</status>
</test>
<status status="FAIL" endtime="20190308 09:34:52.277" starttime="20190308 09:34:26.147"></status>
</suite>
<status status="FAIL" endtime="20190308 09:34:52.281" starttime="20190308 09:34:26.146"></status>
</suite>
<suite source="/Users/bukalapak/Documents/Kuliah/RF/ROBOT_FRAMEWORK/Phoenix/Tests/Web/b_Home_page/c.topup_bulk_schedule" id="s1-s2-s3" name="C.Topup Bulk Schedule">
<suite source="/Users/bukalapak/Documents/Kuliah/RF/ROBOT_FRAMEWORK/Phoenix/Tests/Web/b_Home_page/c.topup_bulk_schedule/a.topup_bulk_schedule_valid.robot" id="s1-s2-s3-s1" name="A.Topup Bulk Schedule Valid">
<test id="s1-s2-s3-s1-t1" name="Open Elisian page">
<kw name="Given Open Elisian page">
<msg timestamp="20190308 09:34:52.304" level="FAIL">No keyword with name 'Given Open Elisian page' found.</msg>
<status status="FAIL" endtime="20190308 09:34:52.304" starttime="20190308 09:34:52.304"></status>
</kw>
<status status="FAIL" endtime="20190308 09:34:52.304" critical="yes" starttime="20190308 09:34:52.297">No keyword with name 'Given Open Elisian page' found.</status>
</test>
<test id="s1-s2-s3-s1-t2" name="Fill in sign in form With Valid data">
<kw name="Fill in sign in form" library="a_login">
<kw name="Sleep" library="BuiltIn">
<doc>Pauses the test executed for the given time.</doc>
<arguments>
<arg>5s</arg>
</arguments>
<msg timestamp="20190308 09:34:57.306" level="INFO">Slept 5 seconds</msg>
<status status="PASS" endtime="20190308 09:34:57.307" starttime="20190308 09:34:52.306"></status>
</kw>
<kw name="Click Element" library="Selenium2Library">
<doc>Click element identified by ``locator``.</doc>
<arguments>
<arg>${signin_menu}</arg>
</arguments>
<msg timestamp="20190308 09:34:57.308" level="INFO">Clicking element 'css=#header-signin &gt; div:nth-child(2)'.</msg>
<kw name="Capture Page Screenshot" library="Selenium2Library">
<doc>Takes screenshot of the current page and embeds it into log file.</doc>
<msg timestamp="20190308 09:34:57.319" level="FAIL">NoSuchWindowException: Message: no such window: window was already closed
  (Session info: chrome=72.0.3626.119)
  (Driver info: chromedriver=2.46.628411 (3324f4c8be9ff2f70a05a30ebc72ffb013e1a71e),platform=Mac OS X 10.13.6 x86_64)
</msg>
<status status="FAIL" endtime="20190308 09:34:57.319" starttime="20190308 09:34:57.313"></status>
</kw>
<msg timestamp="20190308 09:34:57.319" level="WARN">Keyword 'Capture Page Screenshot' could not be run on failure: NoSuchWindowException: Message: no such window: window was already closed
  (Session info: chrome=72.0.3626.119)
  (Driver info: chromedriver=2.46.628411 (3324f4c8be9ff2f70a05a30ebc72ffb013e1a71e),platform=Mac OS X 10.13.6 x86_64)
</msg>
<msg timestamp="20190308 09:34:57.320" level="FAIL">NoSuchWindowException: Message: no such window: window was already closed
  (Session info: chrome=72.0.3626.119)
  (Driver info: chromedriver=2.46.628411 (3324f4c8be9ff2f70a05a30ebc72ffb013e1a71e),platform=Mac OS X 10.13.6 x86_64)
</msg>
<status status="FAIL" endtime="20190308 09:34:57.320" starttime="20190308 09:34:57.307"></status>
</kw>
<status status="FAIL" endtime="20190308 09:34:57.320" starttime="20190308 09:34:52.305"></status>
</kw>
<status status="FAIL" endtime="20190308 09:34:57.320" critical="yes" starttime="20190308 09:34:52.305">NoSuchWindowException: Message: no such window: window was already closed
  (Session info: chrome=72.0.3626.119)
  (Driver info: chromedriver=2.46.628411 (3324f4c8be9ff2f70a05a30ebc72ffb013e1a71e),platform=Mac OS X 10.13.6 x86_64)
</status>
</test>
<test id="s1-s2-s3-s1-t3" name="Click button Sign In">
<kw name="Click button Sign In" library="a_login">
<kw name="Click Button" library="Selenium2Library">
<doc>Clicks button identified by ``locator``.</doc>
<arguments>
<arg>${button_masuk}</arg>
</arguments>
<msg timestamp="20190308 09:34:57.322" level="INFO">Clicking button 'css=.modal-body &gt; form:nth-child(1) &gt; div:nth-child(3) &gt; button:nth-child(1)'.</msg>
<kw name="Capture Page Screenshot" library="Selenium2Library">
<doc>Takes screenshot of the current page and embeds it into log file.</doc>
<msg timestamp="20190308 09:34:57.331" level="FAIL">NoSuchWindowException: Message: no such window: window was already closed
  (Session info: chrome=72.0.3626.119)
  (Driver info: chromedriver=2.46.628411 (3324f4c8be9ff2f70a05a30ebc72ffb013e1a71e),platform=Mac OS X 10.13.6 x86_64)
</msg>
<status status="FAIL" endtime="20190308 09:34:57.331" starttime="20190308 09:34:57.326"></status>
</kw>
<msg timestamp="20190308 09:34:57.331" level="WARN">Keyword 'Capture Page Screenshot' could not be run on failure: NoSuchWindowException: Message: no such window: window was already closed
  (Session info: chrome=72.0.3626.119)
  (Driver info: chromedriver=2.46.628411 (3324f4c8be9ff2f70a05a30ebc72ffb013e1a71e),platform=Mac OS X 10.13.6 x86_64)
</msg>
<msg timestamp="20190308 09:34:57.331" level="FAIL">NoSuchWindowException: Message: no such window: window was already closed
  (Session info: chrome=72.0.3626.119)
  (Driver info: chromedriver=2.46.628411 (3324f4c8be9ff2f70a05a30ebc72ffb013e1a71e),platform=Mac OS X 10.13.6 x86_64)
</msg>
<status status="FAIL" endtime="20190308 09:34:57.331" starttime="20190308 09:34:57.322"></status>
</kw>
<status status="FAIL" endtime="20190308 09:34:57.331" starttime="20190308 09:34:57.321"></status>
</kw>
<status status="FAIL" endtime="20190308 09:34:57.332" critical="yes" starttime="20190308 09:34:57.321">NoSuchWindowException: Message: no such window: window was already closed
  (Session info: chrome=72.0.3626.119)
  (Driver info: chromedriver=2.46.628411 (3324f4c8be9ff2f70a05a30ebc72ffb013e1a71e),platform=Mac OS X 10.13.6 x86_64)
</status>
</test>
<test id="s1-s2-s3-s1-t4" name="Dashboard page Elisian">
<kw name="Home page" library="a_login">
<kw name="Sleep" library="BuiltIn">
<doc>Pauses the test executed for the given time.</doc>
<arguments>
<arg>10s</arg>
</arguments>
<msg timestamp="20190308 09:35:07.336" level="INFO">Slept 10 seconds</msg>
<status status="PASS" endtime="20190308 09:35:07.336" starttime="20190308 09:34:57.333"></status>
</kw>
<kw name="Wait Until Element Contains" library="Selenium2Library">
<doc>Waits until element ``locator`` contains ``text``.</doc>
<arguments>
<arg>${logo}</arg>
<arg>${text_logo}</arg>
</arguments>
<kw name="Capture Page Screenshot" library="Selenium2Library">
<doc>Takes screenshot of the current page and embeds it into log file.</doc>
<msg timestamp="20190308 09:35:07.349" level="FAIL">NoSuchWindowException: Message: no such window: window was already closed
  (Session info: chrome=72.0.3626.119)
  (Driver info: chromedriver=2.46.628411 (3324f4c8be9ff2f70a05a30ebc72ffb013e1a71e),platform=Mac OS X 10.13.6 x86_64)
</msg>
<status status="FAIL" endtime="20190308 09:35:07.349" starttime="20190308 09:35:07.343"></status>
</kw>
<msg timestamp="20190308 09:35:07.349" level="WARN">Keyword 'Capture Page Screenshot' could not be run on failure: NoSuchWindowException: Message: no such window: window was already closed
  (Session info: chrome=72.0.3626.119)
  (Driver info: chromedriver=2.46.628411 (3324f4c8be9ff2f70a05a30ebc72ffb013e1a71e),platform=Mac OS X 10.13.6 x86_64)
</msg>
<msg timestamp="20190308 09:35:07.349" level="FAIL">NoSuchWindowException: Message: no such window: window was already closed
  (Session info: chrome=72.0.3626.119)
  (Driver info: chromedriver=2.46.628411 (3324f4c8be9ff2f70a05a30ebc72ffb013e1a71e),platform=Mac OS X 10.13.6 x86_64)
</msg>
<status status="FAIL" endtime="20190308 09:35:07.350" starttime="20190308 09:35:07.337"></status>
</kw>
<status status="FAIL" endtime="20190308 09:35:07.350" starttime="20190308 09:34:57.332"></status>
</kw>
<status status="FAIL" endtime="20190308 09:35:07.350" critical="yes" starttime="20190308 09:34:57.332">NoSuchWindowException: Message: no such window: window was already closed
  (Session info: chrome=72.0.3626.119)
  (Driver info: chromedriver=2.46.628411 (3324f4c8be9ff2f70a05a30ebc72ffb013e1a71e),platform=Mac OS X 10.13.6 x86_64)
</status>
</test>
<test id="s1-s2-s3-s1-t5" name="Choose Topup menu on Partner data">
<kw name="When Choose Topup menu on Partner Data" library="b_partner_data_topup">
<kw name="Sleep" library="BuiltIn">
<doc>Pauses the test executed for the given time.</doc>
<arguments>
<arg>3s</arg>
</arguments>
<msg timestamp="20190308 09:35:10.353" level="INFO">Slept 3 seconds</msg>
<status status="PASS" endtime="20190308 09:35:10.353" starttime="20190308 09:35:07.351"></status>
</kw>
<kw name="Click Element" library="Selenium2Library">
<doc>Click element identified by ``locator``.</doc>
<arguments>
<arg>${menu_partner}</arg>
</arguments>
<msg timestamp="20190308 09:35:10.354" level="INFO">Clicking element 'css=.m-menu__item--submenu:nth-child(2)'.</msg>
<kw name="Capture Page Screenshot" library="Selenium2Library">
<doc>Takes screenshot of the current page and embeds it into log file.</doc>
<msg timestamp="20190308 09:35:10.365" level="FAIL">NoSuchWindowException: Message: no such window: window was already closed
  (Session info: chrome=72.0.3626.119)
  (Driver info: chromedriver=2.46.628411 (3324f4c8be9ff2f70a05a30ebc72ffb013e1a71e),platform=Mac OS X 10.13.6 x86_64)
</msg>
<status status="FAIL" endtime="20190308 09:35:10.366" starttime="20190308 09:35:10.360"></status>
</kw>
<msg timestamp="20190308 09:35:10.366" level="WARN">Keyword 'Capture Page Screenshot' could not be run on failure: NoSuchWindowException: Message: no such window: window was already closed
  (Session info: chrome=72.0.3626.119)
  (Driver info: chromedriver=2.46.628411 (3324f4c8be9ff2f70a05a30ebc72ffb013e1a71e),platform=Mac OS X 10.13.6 x86_64)
</msg>
<msg timestamp="20190308 09:35:10.366" level="FAIL">NoSuchWindowException: Message: no such window: window was already closed
  (Session info: chrome=72.0.3626.119)
  (Driver info: chromedriver=2.46.628411 (3324f4c8be9ff2f70a05a30ebc72ffb013e1a71e),platform=Mac OS X 10.13.6 x86_64)
</msg>
<status status="FAIL" endtime="20190308 09:35:10.366" starttime="20190308 09:35:10.353"></status>
</kw>
<status status="FAIL" endtime="20190308 09:35:10.366" starttime="20190308 09:35:07.351"></status>
</kw>
<status status="FAIL" endtime="20190308 09:35:10.367" critical="yes" starttime="20190308 09:35:07.350">NoSuchWindowException: Message: no such window: window was already closed
  (Session info: chrome=72.0.3626.119)
  (Driver info: chromedriver=2.46.628411 (3324f4c8be9ff2f70a05a30ebc72ffb013e1a71e),platform=Mac OS X 10.13.6 x86_64)
</status>
</test>
<test id="s1-s2-s3-s1-t6" name="Choose Add bulk schedule data topup">
<kw name="And Choose Add bulk schedule data topup" library="b_partner_data_topup">
<kw name="Sleep" library="BuiltIn">
<doc>Pauses the test executed for the given time.</doc>
<arguments>
<arg>3s</arg>
</arguments>
<msg timestamp="20190308 09:35:13.370" level="INFO">Slept 3 seconds</msg>
<status status="PASS" endtime="20190308 09:35:13.370" starttime="20190308 09:35:10.368"></status>
</kw>
<kw name="Click Element" library="Selenium2Library">
<doc>Click element identified by ``locator``.</doc>
<arguments>
<arg>${menu_schedule_topup}</arg>
</arguments>
<msg timestamp="20190308 09:35:13.371" level="INFO">Clicking element 'css=a.btn:nth-child(3)'.</msg>
<kw name="Capture Page Screenshot" library="Selenium2Library">
<doc>Takes screenshot of the current page and embeds it into log file.</doc>
<msg timestamp="20190308 09:35:13.383" level="FAIL">NoSuchWindowException: Message: no such window: window was already closed
  (Session info: chrome=72.0.3626.119)
  (Driver info: chromedriver=2.46.628411 (3324f4c8be9ff2f70a05a30ebc72ffb013e1a71e),platform=Mac OS X 10.13.6 x86_64)
</msg>
<status status="FAIL" endtime="20190308 09:35:13.383" starttime="20190308 09:35:13.378"></status>
</kw>
<msg timestamp="20190308 09:35:13.383" level="WARN">Keyword 'Capture Page Screenshot' could not be run on failure: NoSuchWindowException: Message: no such window: window was already closed
  (Session info: chrome=72.0.3626.119)
  (Driver info: chromedriver=2.46.628411 (3324f4c8be9ff2f70a05a30ebc72ffb013e1a71e),platform=Mac OS X 10.13.6 x86_64)
</msg>
<msg timestamp="20190308 09:35:13.384" level="FAIL">NoSuchWindowException: Message: no such window: window was already closed
  (Session info: chrome=72.0.3626.119)
  (Driver info: chromedriver=2.46.628411 (3324f4c8be9ff2f70a05a30ebc72ffb013e1a71e),platform=Mac OS X 10.13.6 x86_64)
</msg>
<status status="FAIL" endtime="20190308 09:35:13.384" starttime="20190308 09:35:13.371"></status>
</kw>
<status status="FAIL" endtime="20190308 09:35:13.384" starttime="20190308 09:35:10.368"></status>
</kw>
<status status="FAIL" endtime="20190308 09:35:13.385" critical="yes" starttime="20190308 09:35:10.367">NoSuchWindowException: Message: no such window: window was already closed
  (Session info: chrome=72.0.3626.119)
  (Driver info: chromedriver=2.46.628411 (3324f4c8be9ff2f70a05a30ebc72ffb013e1a71e),platform=Mac OS X 10.13.6 x86_64)
</status>
</test>
<test id="s1-s2-s3-s1-t7" name="Fill in bulk schedule Topup form data">
<kw name="And Fill in Bulk Schedule Topup form Valid" library="b_partner_data_topup">
<kw name="Click Element" library="Selenium2Library">
<doc>Click element identified by ``locator``.</doc>
<arguments>
<arg>${title}</arg>
</arguments>
<msg timestamp="20190308 09:35:13.389" level="INFO">Clicking element 'css=input.form-control:nth-child(2)'.</msg>
<kw name="Capture Page Screenshot" library="Selenium2Library">
<doc>Takes screenshot of the current page and embeds it into log file.</doc>
<msg timestamp="20190308 09:35:13.400" level="FAIL">NoSuchWindowException: Message: no such window: window was already closed
  (Session info: chrome=72.0.3626.119)
  (Driver info: chromedriver=2.46.628411 (3324f4c8be9ff2f70a05a30ebc72ffb013e1a71e),platform=Mac OS X 10.13.6 x86_64)
</msg>
<status status="FAIL" endtime="20190308 09:35:13.400" starttime="20190308 09:35:13.395"></status>
</kw>
<msg timestamp="20190308 09:35:13.400" level="WARN">Keyword 'Capture Page Screenshot' could not be run on failure: NoSuchWindowException: Message: no such window: window was already closed
  (Session info: chrome=72.0.3626.119)
  (Driver info: chromedriver=2.46.628411 (3324f4c8be9ff2f70a05a30ebc72ffb013e1a71e),platform=Mac OS X 10.13.6 x86_64)
</msg>
<msg timestamp="20190308 09:35:13.401" level="FAIL">NoSuchWindowException: Message: no such window: window was already closed
  (Session info: chrome=72.0.3626.119)
  (Driver info: chromedriver=2.46.628411 (3324f4c8be9ff2f70a05a30ebc72ffb013e1a71e),platform=Mac OS X 10.13.6 x86_64)
</msg>
<status status="FAIL" endtime="20190308 09:35:13.401" starttime="20190308 09:35:13.389"></status>
</kw>
<status status="FAIL" endtime="20190308 09:35:13.401" starttime="20190308 09:35:13.388"></status>
</kw>
<status status="FAIL" endtime="20190308 09:35:13.401" critical="yes" starttime="20190308 09:35:13.385">NoSuchWindowException: Message: no such window: window was already closed
  (Session info: chrome=72.0.3626.119)
  (Driver info: chromedriver=2.46.628411 (3324f4c8be9ff2f70a05a30ebc72ffb013e1a71e),platform=Mac OS X 10.13.6 x86_64)
</status>
</test>
<test id="s1-s2-s3-s1-t8" name="Click button Topup Submit">
<kw name="And Click button bulk schedule Topup Submit" library="b_partner_data_topup">
<kw name="Sleep" library="BuiltIn">
<doc>Pauses the test executed for the given time.</doc>
<arguments>
<arg>5s</arg>
</arguments>
<msg timestamp="20190308 09:35:18.404" level="INFO">Slept 5 seconds</msg>
<status status="PASS" endtime="20190308 09:35:18.405" starttime="20190308 09:35:13.402"></status>
</kw>
<kw name="Click Element" library="Selenium2Library">
<doc>Click element identified by ``locator``.</doc>
<arguments>
<arg>${submit_schedule}</arg>
</arguments>
<msg timestamp="20190308 09:35:18.406" level="INFO">Clicking element 'css=button.btn:nth-child(1)'.</msg>
<kw name="Capture Page Screenshot" library="Selenium2Library">
<doc>Takes screenshot of the current page and embeds it into log file.</doc>
<msg timestamp="20190308 09:35:18.417" level="FAIL">NoSuchWindowException: Message: no such window: window was already closed
  (Session info: chrome=72.0.3626.119)
  (Driver info: chromedriver=2.46.628411 (3324f4c8be9ff2f70a05a30ebc72ffb013e1a71e),platform=Mac OS X 10.13.6 x86_64)
</msg>
<status status="FAIL" endtime="20190308 09:35:18.417" starttime="20190308 09:35:18.411"></status>
</kw>
<msg timestamp="20190308 09:35:18.417" level="WARN">Keyword 'Capture Page Screenshot' could not be run on failure: NoSuchWindowException: Message: no such window: window was already closed
  (Session info: chrome=72.0.3626.119)
  (Driver info: chromedriver=2.46.628411 (3324f4c8be9ff2f70a05a30ebc72ffb013e1a71e),platform=Mac OS X 10.13.6 x86_64)
</msg>
<msg timestamp="20190308 09:35:18.417" level="FAIL">NoSuchWindowException: Message: no such window: window was already closed
  (Session info: chrome=72.0.3626.119)
  (Driver info: chromedriver=2.46.628411 (3324f4c8be9ff2f70a05a30ebc72ffb013e1a71e),platform=Mac OS X 10.13.6 x86_64)
</msg>
<status status="FAIL" endtime="20190308 09:35:18.418" starttime="20190308 09:35:18.405"></status>
</kw>
<status status="FAIL" endtime="20190308 09:35:18.418" starttime="20190308 09:35:13.402"></status>
</kw>
<status status="FAIL" endtime="20190308 09:35:18.418" critical="yes" starttime="20190308 09:35:13.402">NoSuchWindowException: Message: no such window: window was already closed
  (Session info: chrome=72.0.3626.119)
  (Driver info: chromedriver=2.46.628411 (3324f4c8be9ff2f70a05a30ebc72ffb013e1a71e),platform=Mac OS X 10.13.6 x86_64)
</status>
</test>
<test id="s1-s2-s3-s1-t9" name="Click button topup schedule on preview page">
<kw name="And Click button topup schedule on preview page" library="b_partner_data_topup">
<kw name="Sleep" library="BuiltIn">
<doc>Pauses the test executed for the given time.</doc>
<arguments>
<arg>5s</arg>
</arguments>
<msg timestamp="20190308 09:35:23.420" level="INFO">Slept 5 seconds</msg>
<status status="PASS" endtime="20190308 09:35:23.421" starttime="20190308 09:35:18.419"></status>
</kw>
<kw name="Wait Until Element Contains" library="Selenium2Library">
<doc>Waits until element ``locator`` contains ``text``.</doc>
<arguments>
<arg>${text_preview_schedule}</arg>
<arg>Bulk with Schedule Preview</arg>
</arguments>
<kw name="Capture Page Screenshot" library="Selenium2Library">
<doc>Takes screenshot of the current page and embeds it into log file.</doc>
<msg timestamp="20190308 09:35:23.433" level="FAIL">NoSuchWindowException: Message: no such window: window was already closed
  (Session info: chrome=72.0.3626.119)
  (Driver info: chromedriver=2.46.628411 (3324f4c8be9ff2f70a05a30ebc72ffb013e1a71e),platform=Mac OS X 10.13.6 x86_64)
</msg>
<status status="FAIL" endtime="20190308 09:35:23.433" starttime="20190308 09:35:23.427"></status>
</kw>
<msg timestamp="20190308 09:35:23.433" level="WARN">Keyword 'Capture Page Screenshot' could not be run on failure: NoSuchWindowException: Message: no such window: window was already closed
  (Session info: chrome=72.0.3626.119)
  (Driver info: chromedriver=2.46.628411 (3324f4c8be9ff2f70a05a30ebc72ffb013e1a71e),platform=Mac OS X 10.13.6 x86_64)
</msg>
<msg timestamp="20190308 09:35:23.434" level="FAIL">NoSuchWindowException: Message: no such window: window was already closed
  (Session info: chrome=72.0.3626.119)
  (Driver info: chromedriver=2.46.628411 (3324f4c8be9ff2f70a05a30ebc72ffb013e1a71e),platform=Mac OS X 10.13.6 x86_64)
</msg>
<status status="FAIL" endtime="20190308 09:35:23.434" starttime="20190308 09:35:23.421"></status>
</kw>
<status status="FAIL" endtime="20190308 09:35:23.434" starttime="20190308 09:35:18.419"></status>
</kw>
<status status="FAIL" endtime="20190308 09:35:23.434" critical="yes" starttime="20190308 09:35:18.418">NoSuchWindowException: Message: no such window: window was already closed
  (Session info: chrome=72.0.3626.119)
  (Driver info: chromedriver=2.46.628411 (3324f4c8be9ff2f70a05a30ebc72ffb013e1a71e),platform=Mac OS X 10.13.6 x86_64)
</status>
</test>
<test id="s1-s2-s3-s1-t10" name="Success create bulk schedule topup">
<kw name="Then Success create bulk schedule topup" library="b_partner_data_topup">
<kw name="Wait Until Element Contains" library="Selenium2Library">
<doc>Waits until element ``locator`` contains ``text``.</doc>
<arguments>
<arg>${error_message}</arg>
<arg>${toast_message_b}</arg>
</arguments>
<kw name="Capture Page Screenshot" library="Selenium2Library">
<doc>Takes screenshot of the current page and embeds it into log file.</doc>
<msg timestamp="20190308 09:35:23.448" level="FAIL">NoSuchWindowException: Message: no such window: window was already closed
  (Session info: chrome=72.0.3626.119)
  (Driver info: chromedriver=2.46.628411 (3324f4c8be9ff2f70a05a30ebc72ffb013e1a71e),platform=Mac OS X 10.13.6 x86_64)
</msg>
<status status="FAIL" endtime="20190308 09:35:23.448" starttime="20190308 09:35:23.440"></status>
</kw>
<msg timestamp="20190308 09:35:23.448" level="WARN">Keyword 'Capture Page Screenshot' could not be run on failure: NoSuchWindowException: Message: no such window: window was already closed
  (Session info: chrome=72.0.3626.119)
  (Driver info: chromedriver=2.46.628411 (3324f4c8be9ff2f70a05a30ebc72ffb013e1a71e),platform=Mac OS X 10.13.6 x86_64)
</msg>
<msg timestamp="20190308 09:35:23.449" level="FAIL">NoSuchWindowException: Message: no such window: window was already closed
  (Session info: chrome=72.0.3626.119)
  (Driver info: chromedriver=2.46.628411 (3324f4c8be9ff2f70a05a30ebc72ffb013e1a71e),platform=Mac OS X 10.13.6 x86_64)
</msg>
<status status="FAIL" endtime="20190308 09:35:23.449" starttime="20190308 09:35:23.435"></status>
</kw>
<status status="FAIL" endtime="20190308 09:35:23.449" starttime="20190308 09:35:23.435"></status>
</kw>
<status status="FAIL" endtime="20190308 09:35:23.449" critical="yes" starttime="20190308 09:35:23.435">NoSuchWindowException: Message: no such window: window was already closed
  (Session info: chrome=72.0.3626.119)
  (Driver info: chromedriver=2.46.628411 (3324f4c8be9ff2f70a05a30ebc72ffb013e1a71e),platform=Mac OS X 10.13.6 x86_64)
</status>
</test>
<status status="FAIL" endtime="20190308 09:35:23.450" starttime="20190308 09:34:52.286"></status>
</suite>
<status status="FAIL" endtime="20190308 09:35:23.455" starttime="20190308 09:34:52.283"></status>
</suite>
<status status="FAIL" endtime="20190308 09:35:23.461" starttime="20190308 09:31:03.143"></status>
</suite>
<status status="FAIL" endtime="20190308 09:35:23.489" starttime="20190308 09:29:33.930"></status>
</suite>
<statistics>
<total>
<stat fail="65" pass="2">Critical Tests</stat>
<stat fail="65" pass="2">All Tests</stat>
</total>
<tag>
</tag>
<suite>
<stat fail="65" id="s1" name="Web" pass="2">Web</stat>
<stat fail="2" id="s1-s1" name="a Login" pass="2">Web.a Login</stat>
<stat fail="2" id="s1-s1-s1" name="A.Login" pass="2">Web.a Login.A.Login</stat>
<stat fail="63" id="s1-s2" name="b Home page" pass="0">Web.b Home page</stat>
<stat fail="45" id="s1-s2-s1" name="A.Topup Single" pass="0">Web.b Home page.A.Topup Single</stat>
<stat fail="8" id="s1-s2-s1-s1" name="A.Topup Single Valid" pass="0">Web.b Home page.A.Topup Single.A.Topup Single Valid</stat>
<stat fail="9" id="s1-s2-s1-s2" name="B.Topup Single Invalid Minimum Length" pass="0">Web.b Home page.A.Topup Single.B.Topup Single Invalid Minimum Length</stat>
<stat fail="9" id="s1-s2-s1-s3" name="C.Topup Single Invalid Maximum Length" pass="0">Web.b Home page.A.Topup Single.C.Topup Single Invalid Maximum Length</stat>
<stat fail="9" id="s1-s2-s1-s4" name="D.Topup Single Invalid Bukan Prefix" pass="0">Web.b Home page.A.Topup Single.D.Topup Single Invalid Bukan Prefix</stat>
<stat fail="9" id="s1-s2-s1-s5" name="E.Topup Single Invalid String" pass="0">Web.b Home page.A.Topup Single.E.Topup Single Invalid String</stat>
<stat fail="1" id="s1-s2-s1-s6" name="Test Database" pass="0">Web.b Home page.A.Topup Single.Test Database</stat>
<stat fail="8" id="s1-s2-s2" name="B.Topup Bulk" pass="0">Web.b Home page.B.Topup Bulk</stat>
<stat fail="8" id="s1-s2-s2-s1" name="A.Topup Bulk Valid" pass="0">Web.b Home page.B.Topup Bulk.A.Topup Bulk Valid</stat>
<stat fail="10" id="s1-s2-s3" name="C.Topup Bulk Schedule" pass="0">Web.b Home page.C.Topup Bulk Schedule</stat>
<stat fail="10" id="s1-s2-s3-s1" name="A.Topup Bulk Schedule Valid" pass="0">Web.b Home page.C.Topup Bulk Schedule.A.Topup Bulk Schedule Valid</stat>
</suite>
</statistics>
<errors>
<msg timestamp="20190308 09:33:48.779" level="WARN">Keyword 'Capture Page Screenshot' could not be run on failure: NoSuchWindowException: Message: no such window: window was already closed
  (Session info: chrome=72.0.3626.119)
  (Driver info: chromedriver=2.46.628411 (3324f4c8be9ff2f70a05a30ebc72ffb013e1a71e),platform=Mac OS X 10.13.6 x86_64)
</msg>
<msg timestamp="20190308 09:33:58.795" level="WARN">Keyword 'Capture Page Screenshot' could not be run on failure: NoSuchWindowException: Message: no such window: window was already closed
  (Session info: chrome=72.0.3626.119)
  (Driver info: chromedriver=2.46.628411 (3324f4c8be9ff2f70a05a30ebc72ffb013e1a71e),platform=Mac OS X 10.13.6 x86_64)
</msg>
<msg timestamp="20190308 09:34:01.813" level="WARN">Keyword 'Capture Page Screenshot' could not be run on failure: NoSuchWindowException: Message: no such window: window was already closed
  (Session info: chrome=72.0.3626.119)
  (Driver info: chromedriver=2.46.628411 (3324f4c8be9ff2f70a05a30ebc72ffb013e1a71e),platform=Mac OS X 10.13.6 x86_64)
</msg>
<msg timestamp="20190308 09:34:04.831" level="WARN">Keyword 'Capture Page Screenshot' could not be run on failure: NoSuchWindowException: Message: no such window: window was already closed
  (Session info: chrome=72.0.3626.119)
  (Driver info: chromedriver=2.46.628411 (3324f4c8be9ff2f70a05a30ebc72ffb013e1a71e),platform=Mac OS X 10.13.6 x86_64)
</msg>
<msg timestamp="20190308 09:34:04.846" level="WARN">Keyword 'Capture Page Screenshot' could not be run on failure: NoSuchWindowException: Message: no such window: window was already closed
  (Session info: chrome=72.0.3626.119)
  (Driver info: chromedriver=2.46.628411 (3324f4c8be9ff2f70a05a30ebc72ffb013e1a71e),platform=Mac OS X 10.13.6 x86_64)
</msg>
<msg timestamp="20190308 09:34:04.859" level="WARN">Keyword 'Capture Page Screenshot' could not be run on failure: NoSuchWindowException: Message: no such window: window was already closed
  (Session info: chrome=72.0.3626.119)
  (Driver info: chromedriver=2.46.628411 (3324f4c8be9ff2f70a05a30ebc72ffb013e1a71e),platform=Mac OS X 10.13.6 x86_64)
</msg>
<msg timestamp="20190308 09:34:04.877" level="WARN">Keyword 'Capture Page Screenshot' could not be run on failure: NoSuchWindowException: Message: no such window: window was already closed
  (Session info: chrome=72.0.3626.119)
  (Driver info: chromedriver=2.46.628411 (3324f4c8be9ff2f70a05a30ebc72ffb013e1a71e),platform=Mac OS X 10.13.6 x86_64)
</msg>
<msg timestamp="20190308 09:34:09.933" level="WARN">Keyword 'Capture Page Screenshot' could not be run on failure: NoSuchWindowException: Message: no such window: window was already closed
  (Session info: chrome=72.0.3626.119)
  (Driver info: chromedriver=2.46.628411 (3324f4c8be9ff2f70a05a30ebc72ffb013e1a71e),platform=Mac OS X 10.13.6 x86_64)
</msg>
<msg timestamp="20190308 09:34:09.948" level="WARN">Keyword 'Capture Page Screenshot' could not be run on failure: NoSuchWindowException: Message: no such window: window was already closed
  (Session info: chrome=72.0.3626.119)
  (Driver info: chromedriver=2.46.628411 (3324f4c8be9ff2f70a05a30ebc72ffb013e1a71e),platform=Mac OS X 10.13.6 x86_64)
</msg>
<msg timestamp="20190308 09:34:19.966" level="WARN">Keyword 'Capture Page Screenshot' could not be run on failure: NoSuchWindowException: Message: no such window: window was already closed
  (Session info: chrome=72.0.3626.119)
  (Driver info: chromedriver=2.46.628411 (3324f4c8be9ff2f70a05a30ebc72ffb013e1a71e),platform=Mac OS X 10.13.6 x86_64)
</msg>
<msg timestamp="20190308 09:34:22.982" level="WARN">Keyword 'Capture Page Screenshot' could not be run on failure: NoSuchWindowException: Message: no such window: window was already closed
  (Session info: chrome=72.0.3626.119)
  (Driver info: chromedriver=2.46.628411 (3324f4c8be9ff2f70a05a30ebc72ffb013e1a71e),platform=Mac OS X 10.13.6 x86_64)
</msg>
<msg timestamp="20190308 09:34:25.997" level="WARN">Keyword 'Capture Page Screenshot' could not be run on failure: NoSuchWindowException: Message: no such window: window was already closed
  (Session info: chrome=72.0.3626.119)
  (Driver info: chromedriver=2.46.628411 (3324f4c8be9ff2f70a05a30ebc72ffb013e1a71e),platform=Mac OS X 10.13.6 x86_64)
</msg>
<msg timestamp="20190308 09:34:26.012" level="WARN">Keyword 'Capture Page Screenshot' could not be run on failure: NoSuchWindowException: Message: no such window: window was already closed
  (Session info: chrome=72.0.3626.119)
  (Driver info: chromedriver=2.46.628411 (3324f4c8be9ff2f70a05a30ebc72ffb013e1a71e),platform=Mac OS X 10.13.6 x86_64)
</msg>
<msg timestamp="20190308 09:34:26.028" level="WARN">Keyword 'Capture Page Screenshot' could not be run on failure: NoSuchWindowException: Message: no such window: window was already closed
  (Session info: chrome=72.0.3626.119)
  (Driver info: chromedriver=2.46.628411 (3324f4c8be9ff2f70a05a30ebc72ffb013e1a71e),platform=Mac OS X 10.13.6 x86_64)
</msg>
<msg timestamp="20190308 09:34:26.050" level="WARN">Keyword 'Capture Page Screenshot' could not be run on failure: NoSuchWindowException: Message: no such window: window was already closed
  (Session info: chrome=72.0.3626.119)
  (Driver info: chromedriver=2.46.628411 (3324f4c8be9ff2f70a05a30ebc72ffb013e1a71e),platform=Mac OS X 10.13.6 x86_64)
</msg>
<msg timestamp="20190308 09:34:31.180" level="WARN">Keyword 'Capture Page Screenshot' could not be run on failure: NoSuchWindowException: Message: no such window: window was already closed
  (Session info: chrome=72.0.3626.119)
  (Driver info: chromedriver=2.46.628411 (3324f4c8be9ff2f70a05a30ebc72ffb013e1a71e),platform=Mac OS X 10.13.6 x86_64)
</msg>
<msg timestamp="20190308 09:34:31.195" level="WARN">Keyword 'Capture Page Screenshot' could not be run on failure: NoSuchWindowException: Message: no such window: window was already closed
  (Session info: chrome=72.0.3626.119)
  (Driver info: chromedriver=2.46.628411 (3324f4c8be9ff2f70a05a30ebc72ffb013e1a71e),platform=Mac OS X 10.13.6 x86_64)
</msg>
<msg timestamp="20190308 09:34:41.212" level="WARN">Keyword 'Capture Page Screenshot' could not be run on failure: NoSuchWindowException: Message: no such window: window was already closed
  (Session info: chrome=72.0.3626.119)
  (Driver info: chromedriver=2.46.628411 (3324f4c8be9ff2f70a05a30ebc72ffb013e1a71e),platform=Mac OS X 10.13.6 x86_64)
</msg>
<msg timestamp="20190308 09:34:44.228" level="WARN">Keyword 'Capture Page Screenshot' could not be run on failure: NoSuchWindowException: Message: no such window: window was already closed
  (Session info: chrome=72.0.3626.119)
  (Driver info: chromedriver=2.46.628411 (3324f4c8be9ff2f70a05a30ebc72ffb013e1a71e),platform=Mac OS X 10.13.6 x86_64)
</msg>
<msg timestamp="20190308 09:34:47.244" level="WARN">Keyword 'Capture Page Screenshot' could not be run on failure: NoSuchWindowException: Message: no such window: window was already closed
  (Session info: chrome=72.0.3626.119)
  (Driver info: chromedriver=2.46.628411 (3324f4c8be9ff2f70a05a30ebc72ffb013e1a71e),platform=Mac OS X 10.13.6 x86_64)
</msg>
<msg timestamp="20190308 09:34:47.259" level="WARN">Keyword 'Capture Page Screenshot' could not be run on failure: NoSuchWindowException: Message: no such window: window was already closed
  (Session info: chrome=72.0.3626.119)
  (Driver info: chromedriver=2.46.628411 (3324f4c8be9ff2f70a05a30ebc72ffb013e1a71e),platform=Mac OS X 10.13.6 x86_64)
</msg>
<msg timestamp="20190308 09:34:52.275" level="WARN">Keyword 'Capture Page Screenshot' could not be run on failure: NoSuchWindowException: Message: no such window: window was already closed
  (Session info: chrome=72.0.3626.119)
  (Driver info: chromedriver=2.46.628411 (3324f4c8be9ff2f70a05a30ebc72ffb013e1a71e),platform=Mac OS X 10.13.6 x86_64)
</msg>
<msg timestamp="20190308 09:34:57.319" level="WARN">Keyword 'Capture Page Screenshot' could not be run on failure: NoSuchWindowException: Message: no such window: window was already closed
  (Session info: chrome=72.0.3626.119)
  (Driver info: chromedriver=2.46.628411 (3324f4c8be9ff2f70a05a30ebc72ffb013e1a71e),platform=Mac OS X 10.13.6 x86_64)
</msg>
<msg timestamp="20190308 09:34:57.331" level="WARN">Keyword 'Capture Page Screenshot' could not be run on failure: NoSuchWindowException: Message: no such window: window was already closed
  (Session info: chrome=72.0.3626.119)
  (Driver info: chromedriver=2.46.628411 (3324f4c8be9ff2f70a05a30ebc72ffb013e1a71e),platform=Mac OS X 10.13.6 x86_64)
</msg>
<msg timestamp="20190308 09:35:07.349" level="WARN">Keyword 'Capture Page Screenshot' could not be run on failure: NoSuchWindowException: Message: no such window: window was already closed
  (Session info: chrome=72.0.3626.119)
  (Driver info: chromedriver=2.46.628411 (3324f4c8be9ff2f70a05a30ebc72ffb013e1a71e),platform=Mac OS X 10.13.6 x86_64)
</msg>
<msg timestamp="20190308 09:35:10.366" level="WARN">Keyword 'Capture Page Screenshot' could not be run on failure: NoSuchWindowException: Message: no such window: window was already closed
  (Session info: chrome=72.0.3626.119)
  (Driver info: chromedriver=2.46.628411 (3324f4c8be9ff2f70a05a30ebc72ffb013e1a71e),platform=Mac OS X 10.13.6 x86_64)
</msg>
<msg timestamp="20190308 09:35:13.383" level="WARN">Keyword 'Capture Page Screenshot' could not be run on failure: NoSuchWindowException: Message: no such window: window was already closed
  (Session info: chrome=72.0.3626.119)
  (Driver info: chromedriver=2.46.628411 (3324f4c8be9ff2f70a05a30ebc72ffb013e1a71e),platform=Mac OS X 10.13.6 x86_64)
</msg>
<msg timestamp="20190308 09:35:13.400" level="WARN">Keyword 'Capture Page Screenshot' could not be run on failure: NoSuchWindowException: Message: no such window: window was already closed
  (Session info: chrome=72.0.3626.119)
  (Driver info: chromedriver=2.46.628411 (3324f4c8be9ff2f70a05a30ebc72ffb013e1a71e),platform=Mac OS X 10.13.6 x86_64)
</msg>
<msg timestamp="20190308 09:35:18.417" level="WARN">Keyword 'Capture Page Screenshot' could not be run on failure: NoSuchWindowException: Message: no such window: window was already closed
  (Session info: chrome=72.0.3626.119)
  (Driver info: chromedriver=2.46.628411 (3324f4c8be9ff2f70a05a30ebc72ffb013e1a71e),platform=Mac OS X 10.13.6 x86_64)
</msg>
<msg timestamp="20190308 09:35:23.433" level="WARN">Keyword 'Capture Page Screenshot' could not be run on failure: NoSuchWindowException: Message: no such window: window was already closed
  (Session info: chrome=72.0.3626.119)
  (Driver info: chromedriver=2.46.628411 (3324f4c8be9ff2f70a05a30ebc72ffb013e1a71e),platform=Mac OS X 10.13.6 x86_64)
</msg>
<msg timestamp="20190308 09:35:23.448" level="WARN">Keyword 'Capture Page Screenshot' could not be run on failure: NoSuchWindowException: Message: no such window: window was already closed
  (Session info: chrome=72.0.3626.119)
  (Driver info: chromedriver=2.46.628411 (3324f4c8be9ff2f70a05a30ebc72ffb013e1a71e),platform=Mac OS X 10.13.6 x86_64)
</msg>
</errors>
</robot>
