<?xml version="1.0" encoding="UTF-8"?>
<robot rpa="false" generated="20190405 16:59:59.025" generator="Robot 3.1.1 (Python 2.7.16 on darwin)">
<suite source="/Users/bukalapak/Documents/Kuliah/RF/ROBOT_FRAMEWORK/Phoenix/Tests/Web/e_Best_Seller/best_seller.robot" id="s1" name="Best Seller">
<test id="s1-t1" name="Open Bukalapak page">
<kw name="Given Open Bukalapak page" library="setting_browser">
<kw name="Set Selenium Speed" library="Selenium2Library">
<doc>Sets the delay that is waited after each Selenium command.</doc>
<arguments>
<arg>1s</arg>
</arguments>
<status status="PASS" endtime="20190405 16:59:59.301" starttime="20190405 16:59:59.301"></status>
</kw>
<kw name="Open Browser" library="Selenium2Library">
<doc>Opens a new browser instance to the given ``url``.</doc>
<arguments>
<arg>${URL}</arg>
<arg>${Browser}</arg>
</arguments>
<msg timestamp="20190405 16:59:59.301" level="INFO">Opening browser 'chrome' to base url 'https://www.bukalapak.com'.</msg>
<status status="PASS" endtime="20190405 17:00:12.530" starttime="20190405 16:59:59.301"></status>
</kw>
<kw name="Set Window Size" library="Selenium2Library">
<doc>Sets current windows size to given ``width`` and ``height``.</doc>
<arguments>
<arg>1450</arg>
<arg>800</arg>
</arguments>
<status status="PASS" endtime="20190405 17:00:13.657" starttime="20190405 17:00:12.538"></status>
</kw>
<status status="PASS" endtime="20190405 17:00:13.658" starttime="20190405 16:59:59.300"></status>
</kw>
<status status="PASS" endtime="20190405 17:00:13.659" critical="yes" starttime="20190405 16:59:59.300"></status>
</test>
<test id="s1-t2" name="Go to Kupon Menu">
<kw name="When Go to Kupon Menu" library="e_best_seller">
<kw name="Sleep" library="BuiltIn">
<doc>Pauses the test executed for the given time.</doc>
<arguments>
<arg>5s</arg>
</arguments>
<msg timestamp="20190405 17:00:18.668" level="INFO">Slept 5 seconds</msg>
<status status="PASS" endtime="20190405 17:00:18.669" starttime="20190405 17:00:13.666"></status>
</kw>
<kw name="Click Element" library="Selenium2Library">
<doc>Click element identified by ``locator``.</doc>
<arguments>
<arg>${e_voucher1}</arg>
</arguments>
<msg timestamp="20190405 17:00:18.670" level="INFO">Clicking element '//*[@id="normal_page"]/header/div[2]/div/div/div[1]/div/ul/li[1]/a'.</msg>
<status status="PASS" endtime="20190405 17:00:23.806" starttime="20190405 17:00:18.669"></status>
</kw>
<kw name="Sleep" library="BuiltIn">
<doc>Pauses the test executed for the given time.</doc>
<arguments>
<arg>5s</arg>
</arguments>
<msg timestamp="20190405 17:00:28.807" level="INFO">Slept 5 seconds</msg>
<status status="PASS" endtime="20190405 17:00:28.807" starttime="20190405 17:00:23.806"></status>
</kw>
<kw name="Click Element" library="Selenium2Library">
<doc>Click element identified by ``locator``.</doc>
<arguments>
<arg>${kupon1}</arg>
</arguments>
<msg timestamp="20190405 17:00:28.808" level="INFO">Clicking element '//*[@id="reskinned_page"]/div[4]/div[2]/div[2]/nav/a[12]/div[2]'.</msg>
<status status="PASS" endtime="20190405 17:00:35.594" starttime="20190405 17:00:28.807"></status>
</kw>
<status status="PASS" endtime="20190405 17:00:35.594" starttime="20190405 17:00:13.664"></status>
</kw>
<status status="PASS" endtime="20190405 17:00:35.594" critical="yes" starttime="20190405 17:00:13.661"></status>
</test>
<test id="s1-t3" name="Coupon Best Seller">
<kw name="And Coupon Best Seller" library="e_best_seller">
<kw name="Sleep" library="BuiltIn">
<doc>Pauses the test executed for the given time.</doc>
<arguments>
<arg>5s</arg>
</arguments>
<msg timestamp="20190405 17:00:40.604" level="INFO">Slept 5 seconds</msg>
<status status="PASS" endtime="20190405 17:00:40.604" starttime="20190405 17:00:35.603"></status>
</kw>
<kw name="Click Element" library="Selenium2Library">
<doc>Click element identified by ``locator``.</doc>
<arguments>
<arg>${pilih_kupon}</arg>
</arguments>
<msg timestamp="20190405 17:00:40.605" level="INFO">Clicking element '//*[@id="js-coupon-deals-user-app"]/div[2]/section[2]/div[2]/div[1]/a/div[2]/div[1]/h3'.</msg>
<status status="PASS" endtime="20190405 17:00:42.700" starttime="20190405 17:00:40.605"></status>
</kw>
<kw name="Wait Until Element Contains" library="Selenium2Library">
<doc>Waits until element ``locator`` contains ``text``.</doc>
<arguments>
<arg>${coupon_best_seller}</arg>
<arg>${coupon_best_seller_text}</arg>
</arguments>
<status status="PASS" endtime="20190405 17:00:47.165" starttime="20190405 17:00:42.700"></status>
</kw>
<status status="PASS" endtime="20190405 17:00:47.165" starttime="20190405 17:00:35.600"></status>
</kw>
<kw name="And Back To Landing Page" library="e_best_seller">
<kw name="Sleep" library="BuiltIn">
<doc>Pauses the test executed for the given time.</doc>
<arguments>
<arg>5s</arg>
</arguments>
<msg timestamp="20190405 17:00:52.167" level="INFO">Slept 5 seconds</msg>
<status status="PASS" endtime="20190405 17:00:52.168" starttime="20190405 17:00:47.166"></status>
</kw>
<kw name="Click Element" library="Selenium2Library">
<doc>Click element identified by ``locator``.</doc>
<arguments>
<arg>${back_to_landing_page}</arg>
</arguments>
<msg timestamp="20190405 17:00:52.169" level="INFO">Clicking element '//*[@id="reskinned_page"]/div[4]/div/div[1]/div/nav/div/ul/li[1]/a'.</msg>
<status status="PASS" endtime="20190405 17:00:54.311" starttime="20190405 17:00:52.168"></status>
</kw>
<status status="PASS" endtime="20190405 17:00:54.311" starttime="20190405 17:00:47.165"></status>
</kw>
<status status="PASS" endtime="20190405 17:00:54.311" critical="yes" starttime="20190405 17:00:35.595"></status>
</test>
<test id="s1-t4" name="Lihat Semua Best Seller">
<kw name="And Lihat Semua Best Seller" library="e_best_seller">
<kw name="Sleep" library="BuiltIn">
<doc>Pauses the test executed for the given time.</doc>
<arguments>
<arg>5s</arg>
</arguments>
<msg timestamp="20190405 17:00:59.314" level="INFO">Slept 5 seconds</msg>
<status status="PASS" endtime="20190405 17:00:59.314" starttime="20190405 17:00:54.313"></status>
</kw>
<kw name="Click Element" library="Selenium2Library">
<doc>Click element identified by ``locator``.</doc>
<arguments>
<arg>${lihat_semua}</arg>
</arguments>
<msg timestamp="20190405 17:00:59.315" level="INFO">Clicking element '//*[@id="js-coupon-deals-user-app"]/div[2]/section[2]/div[1]/a'.</msg>
<kw name="Capture Page Screenshot" library="Selenium2Library">
<doc>Takes screenshot of the current page and embeds it into log file.</doc>
<msg timestamp="20190405 17:00:59.338" level="FAIL">NoSuchWindowException: Message: no such window: window was already closed
  (Session info: chrome=73.0.3683.86)
  (Driver info: chromedriver=2.46.628411 (3324f4c8be9ff2f70a05a30ebc72ffb013e1a71e),platform=Mac OS X 10.13.6 x86_64)
</msg>
<status status="FAIL" endtime="20190405 17:00:59.338" starttime="20190405 17:00:59.324"></status>
</kw>
<msg timestamp="20190405 17:00:59.338" level="WARN">Keyword 'Capture Page Screenshot' could not be run on failure: NoSuchWindowException: Message: no such window: window was already closed
  (Session info: chrome=73.0.3683.86)
  (Driver info: chromedriver=2.46.628411 (3324f4c8be9ff2f70a05a30ebc72ffb013e1a71e),platform=Mac OS X 10.13.6 x86_64)
</msg>
<msg timestamp="20190405 17:00:59.341" level="FAIL">NoSuchWindowException: Message: no such window: window was already closed
  (Session info: chrome=73.0.3683.86)
  (Driver info: chromedriver=2.46.628411 (3324f4c8be9ff2f70a05a30ebc72ffb013e1a71e),platform=Mac OS X 10.13.6 x86_64)
</msg>
<status status="FAIL" endtime="20190405 17:00:59.341" starttime="20190405 17:00:59.315"></status>
</kw>
<status status="FAIL" endtime="20190405 17:00:59.341" starttime="20190405 17:00:54.313"></status>
</kw>
<status status="FAIL" endtime="20190405 17:00:59.342" critical="yes" starttime="20190405 17:00:54.312">NoSuchWindowException: Message: no such window: window was already closed
  (Session info: chrome=73.0.3683.86)
  (Driver info: chromedriver=2.46.628411 (3324f4c8be9ff2f70a05a30ebc72ffb013e1a71e),platform=Mac OS X 10.13.6 x86_64)
</status>
</test>
<test id="s1-t5" name="Coupon Detail">
<kw name="And Coupon Detail" library="e_best_seller">
<kw name="Sleep" library="BuiltIn">
<doc>Pauses the test executed for the given time.</doc>
<arguments>
<arg>5s</arg>
</arguments>
<msg timestamp="20190405 17:01:04.345" level="INFO">Slept 5 seconds</msg>
<status status="PASS" endtime="20190405 17:01:04.346" starttime="20190405 17:00:59.344"></status>
</kw>
<kw name="Click Element" library="Selenium2Library">
<doc>Click element identified by ``locator``.</doc>
<arguments>
<arg>${detail}</arg>
</arguments>
<msg timestamp="20190405 17:01:04.346" level="INFO">Clicking element '//*[@id="reskinned_page"]/div[4]/div/div[1]/div/section/div[2]/div/div[2]/section/div/div[1]/a/div[2]/div[1]/h3'.</msg>
<kw name="Capture Page Screenshot" library="Selenium2Library">
<doc>Takes screenshot of the current page and embeds it into log file.</doc>
<msg timestamp="20190405 17:01:04.359" level="FAIL">NoSuchWindowException: Message: no such window: window was already closed
  (Session info: chrome=73.0.3683.86)
  (Driver info: chromedriver=2.46.628411 (3324f4c8be9ff2f70a05a30ebc72ffb013e1a71e),platform=Mac OS X 10.13.6 x86_64)
</msg>
<status status="FAIL" endtime="20190405 17:01:04.360" starttime="20190405 17:01:04.354"></status>
</kw>
<msg timestamp="20190405 17:01:04.360" level="WARN">Keyword 'Capture Page Screenshot' could not be run on failure: NoSuchWindowException: Message: no such window: window was already closed
  (Session info: chrome=73.0.3683.86)
  (Driver info: chromedriver=2.46.628411 (3324f4c8be9ff2f70a05a30ebc72ffb013e1a71e),platform=Mac OS X 10.13.6 x86_64)
</msg>
<msg timestamp="20190405 17:01:04.360" level="FAIL">NoSuchWindowException: Message: no such window: window was already closed
  (Session info: chrome=73.0.3683.86)
  (Driver info: chromedriver=2.46.628411 (3324f4c8be9ff2f70a05a30ebc72ffb013e1a71e),platform=Mac OS X 10.13.6 x86_64)
</msg>
<status status="FAIL" endtime="20190405 17:01:04.360" starttime="20190405 17:01:04.346"></status>
</kw>
<status status="FAIL" endtime="20190405 17:01:04.361" starttime="20190405 17:00:59.343"></status>
</kw>
<status status="FAIL" endtime="20190405 17:01:04.361" critical="yes" starttime="20190405 17:00:59.343">NoSuchWindowException: Message: no such window: window was already closed
  (Session info: chrome=73.0.3683.86)
  (Driver info: chromedriver=2.46.628411 (3324f4c8be9ff2f70a05a30ebc72ffb013e1a71e),platform=Mac OS X 10.13.6 x86_64)
</status>
</test>
<test id="s1-t6" name="Back To Landing Page">
<kw name="And Back To Landing Page" library="e_best_seller">
<kw name="Sleep" library="BuiltIn">
<doc>Pauses the test executed for the given time.</doc>
<arguments>
<arg>5s</arg>
</arguments>
<msg timestamp="20190405 17:01:09.364" level="INFO">Slept 5 seconds</msg>
<status status="PASS" endtime="20190405 17:01:09.364" starttime="20190405 17:01:04.363"></status>
</kw>
<kw name="Click Element" library="Selenium2Library">
<doc>Click element identified by ``locator``.</doc>
<arguments>
<arg>${back_to_landing_page}</arg>
</arguments>
<msg timestamp="20190405 17:01:09.365" level="INFO">Clicking element '//*[@id="reskinned_page"]/div[4]/div/div[1]/div/nav/div/ul/li[1]/a'.</msg>
<kw name="Capture Page Screenshot" library="Selenium2Library">
<doc>Takes screenshot of the current page and embeds it into log file.</doc>
<msg timestamp="20190405 17:01:09.378" level="FAIL">WebDriverException: Message: chrome not reachable
  (Session info: chrome=73.0.3683.86)
  (Driver info: chromedriver=2.46.628411 (3324f4c8be9ff2f70a05a30ebc72ffb013e1a71e),platform=Mac OS X 10.13.6 x86_64)
</msg>
<status status="FAIL" endtime="20190405 17:01:09.378" starttime="20190405 17:01:09.373"></status>
</kw>
<msg timestamp="20190405 17:01:09.379" level="WARN">Keyword 'Capture Page Screenshot' could not be run on failure: WebDriverException: Message: chrome not reachable
  (Session info: chrome=73.0.3683.86)
  (Driver info: chromedriver=2.46.628411 (3324f4c8be9ff2f70a05a30ebc72ffb013e1a71e),platform=Mac OS X 10.13.6 x86_64)
</msg>
<msg timestamp="20190405 17:01:09.380" level="FAIL">WebDriverException: Message: chrome not reachable
  (Session info: chrome=73.0.3683.86)
  (Driver info: chromedriver=2.46.628411 (3324f4c8be9ff2f70a05a30ebc72ffb013e1a71e),platform=Mac OS X 10.13.6 x86_64)
</msg>
<status status="FAIL" endtime="20190405 17:01:09.380" starttime="20190405 17:01:09.364"></status>
</kw>
<status status="FAIL" endtime="20190405 17:01:09.380" starttime="20190405 17:01:04.363"></status>
</kw>
<status status="FAIL" endtime="20190405 17:01:09.380" critical="yes" starttime="20190405 17:01:04.362">WebDriverException: Message: chrome not reachable
  (Session info: chrome=73.0.3683.86)
  (Driver info: chromedriver=2.46.628411 (3324f4c8be9ff2f70a05a30ebc72ffb013e1a71e),platform=Mac OS X 10.13.6 x86_64)
</status>
</test>
<status status="FAIL" endtime="20190405 17:01:09.384" starttime="20190405 16:59:59.027"></status>
</suite>
<statistics>
<total>
<stat fail="3" pass="3">Critical Tests</stat>
<stat fail="3" pass="3">All Tests</stat>
</total>
<tag>
</tag>
<suite>
<stat fail="3" id="s1" name="Best Seller" pass="3">Best Seller</stat>
</suite>
</statistics>
<errors>
<msg timestamp="20190405 17:00:59.338" level="WARN">Keyword 'Capture Page Screenshot' could not be run on failure: NoSuchWindowException: Message: no such window: window was already closed
  (Session info: chrome=73.0.3683.86)
  (Driver info: chromedriver=2.46.628411 (3324f4c8be9ff2f70a05a30ebc72ffb013e1a71e),platform=Mac OS X 10.13.6 x86_64)
</msg>
<msg timestamp="20190405 17:01:04.360" level="WARN">Keyword 'Capture Page Screenshot' could not be run on failure: NoSuchWindowException: Message: no such window: window was already closed
  (Session info: chrome=73.0.3683.86)
  (Driver info: chromedriver=2.46.628411 (3324f4c8be9ff2f70a05a30ebc72ffb013e1a71e),platform=Mac OS X 10.13.6 x86_64)
</msg>
<msg timestamp="20190405 17:01:09.379" level="WARN">Keyword 'Capture Page Screenshot' could not be run on failure: WebDriverException: Message: chrome not reachable
  (Session info: chrome=73.0.3683.86)
  (Driver info: chromedriver=2.46.628411 (3324f4c8be9ff2f70a05a30ebc72ffb013e1a71e),platform=Mac OS X 10.13.6 x86_64)
</msg>
</errors>
</robot>
